TcbM4^_cQA 1
J^R=Q~<bN 2
hG|gxhMRj 4
s`3ZnGT}Uc 7
yylsH?}zx4 8
Q>i=:sjauI 10
m5upcgc9;x 11
MrOq]a7ytJ 12
I19zzj4|BV 12
KWmxqP:Je 16
Iv~30~eVqK 16
w`b1ewHF5^ 17
|}K3:4gBo8 17
s\rF]@<rNZ 24
YS2D\Z8v>< 27
cdT{VpgtG\ 30
7u6`Uc@SES 32
TM4ClKt3r9 33
?xRmXf:{1y 37
YZ2cO90J6Z 39
cAU8Z=UZjF 44
o`E7K?yU;K 44
3:4IUsnZMS 45
bxz|r:r{Wz 48
~[hmL`TcVs 50
Yam>|:}cy 51
lpTyype|lG 51
sFzl}:zBdF 55
<UxuyRGF:s 60
S>Sw2R4SZM 63
dq:B9x[acp 63
q~{L9m^5]V 65
~edK:v?2ul 68
`5v^=ncvee 68
Z70A_I7{py 70
IVBaox`yy 73
w_lSE<o9cY 74
mBzXxR{w6K 76
KUV6@ke1FX 81
OcerAkZTTY 88
e{QzVn=<]h 93
vl^a<uh 95
3Fj?Zv1R5r 98
Mj_R20t;LZ 99
i6vtovqzd~ 100
CtcT63kTC\ 102
SGQV;ixP}k 104
TZicU0tw>U 104
@m};S=fum 104
yun4:3eI<o 105
R8\ojbLCNP 108
bHM6hprNF` 109
0^4q3|EJP; 112
6N>Kn8F4Fi 114
bDTmbG;ot3 116
\pEYkIUsZ 120
IZSfY[[?{j 127
bvV1AU8WV: 128
j1Gsxt5Nf 132
bC1:slLCJV 142
6PNQ4y=g\ 147
e`>G|R]>iY 156
@[jTPBUR0e 161
fK[L31WO`T 164
<Kti~P5Wbt 166
d|Q:ODP43S 168
1F`Q5mt\\: 170
J@FlgUs}Hs 172
KkpZ=d`0Mh 174
\BsL:w;cDX 178
e]T8QctoZH 183
uT|WF<bvoK 183
bGWQFHLv_> 184
]lrRUx98l 184
g>:eWi_Qz6 187
Kvi2K`ZzNy 189
:mp_bu<fBx 191
onq`u^E6] 195
}SH>Ib`Z~= 197
8^<IfEXZs3 200
zbBKcIJexn 202
cv7IDJMI6< 206
ijSNc6S@L 210
7C?J5kea 211
zE6QJ1xS5m 217
uDz8U;~9T 224
z8Qv[c[p0< 231
OL3ea7=Ac4 232
VFC7t8lo|w 235
|FcO5HV>[~ 237
OVK]9i7RO 238
^9QAWKep=y 238
uA^HcgSXk: 238
|0dB~Y:uh7 242
hwUV8o;dfW 247
57B:uO~>pi 253
<b7IP~q}MF 255
hPwH`XUMRX 256
oOZ`eVCtxJ 257
gSgyU5:@i_ 257
?6D:EIPNS| 258
YovFzekRcp 263
y1q?k83V?K 264
4^S@r6JvWl 265
RNy5K@^uKa 265
5E;jFP\DHO 266
vp<6lI<}E= 266
CI0_f_WSU 273
o2wqB4@jEy 275
gqGdYrjp0 278
L8@D_s4mba 279
qe6<yip4`} 282
JPJmpwZI?a 282
QkbC4r44tw 288
A\Bzxf5yEf 289
WIH@eAbGxt 291
@6<xey\_mO 294
~~KFLLqMF} 298
m`NT>SW>7r 302
I\?>ona_Xc 303
ej:r~W|hfc 305
Shs9iw3{rQ 308
VpiU<<F~6G 311
OJF3IfiQ@B 312
nZ`RjS_VbM 315
u_`U_O=LQ 316
?C6stdtb[Y 319
]dt|<s_D= 320
5dRX:w5A5T 322
gxJk5gx`dX 323
uf>Pf<]vnF 326
M3F3P=AV3= 331
^jx5S~^C@@ 332
30FJmVZy4w 342
~VZFY<D9z 345
NcsBreh`s8 346
|w0~it7_FQ 346
R}M33Pk8z 349
BVIvqEIagn 349
fwV49rTZSU 350
W8SQ`xT4r_ 351
L3bIQX7<[4 351
Yqg\3g3s{v 352
e1jSfYB`6I 352
Z[;`<^}ZA2 357
tdl9ta4RBE 358
ljckv9oYh 359
fSnNMsAEl6 360
r|btoMr72@ 361
LDAXrjHzBJ 365
W?>:a01Fc; 367
v0;?pa9hk= 371
WyV]R]tjHI 372
`H8O`C3IT6 375
c{@MA_glXa 375
YdYM`dSW3k 377
SlIiQ=>\Zs 383
:~myuQ|d4Y 392
W9nYZVIgdq 398
7wKqnwB3^: 399
lr[m;yj39I 400
zN1<DC`2iW 401
[5<FDICwRX 404
}|pv6~TfV7 410
Pih=l?V5>} 410
i9iJq`]^\V 411
lC|tMtaoRd 413
TCcuCt[CO; 414
yvSiP|_?rb 416
@rPiFPHQ] 417
dhSTet:VU| 421
ZGq\f|YWpQ 423
XX>VvH4JHK 423
]XhRuUpUfW 423
X:n=DoiHqI 437
[[1cqJEMF2 437
gTTlBr^wq1 441
dvIu7shP8f 442
bg4kILfG>8 449
Jcw2SF@QV8 449
\[InDzEZ1D 453
}4cm>_D^N? 454
nq>C\ugL9N 457
AdpR6P@FNE 460
{Ms\VdZOtS 460
6xyvU?BcdC 462
;jPU2L~4S_ 462
ze3qd2<jP| 464
xxr8o{}h{v 465
M^R4L|zfu2 465
e{ZiEyf0FY 465
veb<}^xPa] 466
IrGN3KF8_t 467
SLghS8}DoE 468
=q?UpzFf5{ 469
AX{dtOo`nL 470
i^\|y[QB3 470
@KAkSKqmSe 476
f|7u6>kmH 484
crjvV5d:<S 486
2WfOQsBy^= 486
;se@8v5yEe 488
Ibn}Eqj??e 489
Wyxg1SE<a= 490
\_pAA58dtt 494
qt<tevumq3 494
pwTOP`hk5v 497
Sw]zZAz631 499
}l[X{^sleG 503
w:SGUGp62y 506
gvEgsETu@H 510
H:Y6NtIWIh 511
4T^bdK:F^v 512
zMmN74Tyuc 513
cJCrTTH[as 519
vI\nE_K8n[ 519
vfxxk:ZGzf 520
KO:}ijzp7Y 520
Ne9xo_TLY 522
L7RoXv?<D6 522
Wbo^m{Izx4 523
\ihldQq}5D 525
t2A\bs4@Wr 529
d>]T1z{iNW 533
GAZ5=9Wytd 534
@d<@nGR{{ 540
Yt\23EI]] 548
hYVbPK}VM1 552
:at@csOdxZ 552
8=z|@=LITr 552
Ql>G=sW3CD 553
q[JuqQQ5\[ 555
dd[<?oE=A} 557
?I{yete>L0 565
jDLdrM7JlF 565
:sHb00Psee 568
{gkRvwN;65 568
yKnEJ}>_; 569
f9Ok\~I~Nr 571
=p7a=rA|V4 577
vlrlRvpDoC 582
~>yJpR_eyK 583
Jm>eZO}p? 585
nQg~>oARxP 587
Eq<;_;GMv: 591
i3a}a0Xf\l 594
u@x{ko92|{ 598
Uk<67_AmN 601
BVFCTRz<_ 605
60rgpTUOq6 605
qYM<bhW1{| 606
8`O4[uqH>1 621
2ct]C_R9{C 624
T>1epnBqIk 627
BbDb<o;|O> 628
dqw<x<}e{i 632
;~aIkA=6jl 638
V`WN[LpGv| 638
nvBDl>W@\B 639
=qaMgge:Dd 640
bHPxKE]Y`K 645
M?mCh`5`kS 646
W8AJI_r5Vx 651
Ic9xu7Ic>9 652
H]j]dm5z^0 656
{HqVyOR;Z4 660
1|hXNAHsL 662
acMjRP2e^w 664
c~N\zMRtdQ 669
nf3A7jx1nS 671
M?<f3]cM3; 674
NJ?K2\8hwF 681
gQX[7F]LZs 682
F]PDY:N[nV 687
jT_vo|`y6V 696
w~xRv2QV]f 700
gfG|vsbFMh 702
;RSRpVg]U: 704
9r4qob:]R 708
1oLeONd?qB 710
vRr`kGm}`o 714
<_hvaMH}hb 717
>yFO?e`G7T 719
jYSP0?_Z 719
:<HktmNB@w 719
?TyJeKwN7y 723
Zd^Zs1{|Ay 724
usWKRY7F{a 730
[z;zQ`t]R 732
wUNeGV{b=2 737
Nx<\6GlMVH 738
82Jewq@cSj 741
P3HKo^~?2Z 743
VKdxXmXE4c 745
Lmx5K]3Q1 745
3;Y:Wh}h0n 747
WnXz6^3Er8 747
KvpHVBr]< 747
eZ]@`GR_DD 751
<s1K\njkAt 753
[@5xrH]nlH 753
uP[P[O_Ex< 756
I7FVH;??XF 758
{=sjSzc75` 758
hoL~O15yE] 760
wVP`Y[qkN_ 760
n~BY26{KFl 761
EdW]yGxxQP 762
KtL?|DA8[] 765
UplZUj1mW8 767
KlXlpyIxPl 768
?FN~H:VY^R 771
5zw}abvJn\ 774
b]Us5U=4]f 776
oRP8bg6^hZ 781
B;0U[t|pj8 786
N_T0cu^1x1 786
A|AZtI}qsB 790
PF:Vw6Y4}C 791
?0t0kmG=S 794
0mcmt_5??F 797
5n5txdPIh9 802
i?xUP^tMv@ 802
B{7zEpgphU 803
@kk``g2qT] 808
U|XU8zxp>n 808
Lbx>j|C<BS 812
Hr>oGH47MF 813
:pxHhIz\=| 819
H:KaB_r?X> 824
j1KaT>F8f 824
w?u_zs>=C? 828
^mKBgWAj4 829
7wqpaNf8C9 835
SIz3=s}lcG 838
oA1[sv0RSb 840
<pp9uu1et{ 843
A<]o2]_io@ 846
EBt?:>7RCB 856
>d0<;0SdZ\ 857
3]>gkwUvN: 858
ptDgjzYv[f 859
;Bh]V@u78h 861
Ewi0^Xyj\s 861
y~i]>1mukS 862
Yx1dBnEb`z 863
EFz6<\32o0 864
C;FQeHQ[wB 867
_C8P{q6p3R 867
A@kc\g:W`Y 871
2:WjpNFis3 872
=BD3<wtaDa 873
~:d{97rz\^ 890
0YYOKcP~[S 891
o@9=e_uJKt 893
6Z{E{hSV]I 899
4Y=oe16e<_ 904
Tj8@t3By|T 906
AdXsu~[Dc@ 907
MoyoS1`=>t 908
{el>s}9cxQ 909
rQMFW;LlF= 909
2oed{<_O0l 913
pY_Oe<<kgK 913
H@g7Z0w;3] 918
l9<>5j^Rg< 923
CI`53nY[V9 924
jhCF|{ap\Q 926
3vC]2QFgm 926
cM_yj0@pa~ 927
2cw4y`f;7W 927
nD5LuG55BH 929
K}Qi~BJofl 931
;iu~6rdE~q 943
R<7Ty:0ykG 945
Hzakbu0Dm6 946
1Gu>YKvR?Y 947
C7yaC<Qa4U 947
{6HTL|~vu` 947
QG<{ZRu;{^ 948
oOW8|sOBq? 950
oAq;SM~dHo 950
jb]=b}M=\o 951
v:^A5g5CkW 955
e=V7xinj]S 956
YmZjZQ]@Yh 956
O:nIBP>NLh 956
zknNKp=}Ed 958
1hx?147guh 960
i_ah5`bjIZ 960
hI0wEG=JD> 961
\k~n:iP62} 962
DN0EE~1H7^ 965
80:htRMqb2 965
4ZXmRf`a[G 966
<_oBK~Yl 967
}Sx}WLt<z` 969
O8F^}^Ndn_ 975
M8M?B{dMrL 976
1WKbRgtdD7 978
=e2e}K\lD^ 979
63^Cgns~{} 980
2IP1KjeGW 982
TqWOAV65FO 983
ZHJTyw>zhs 989
2HX2zzkcB` 989
H?~C<f|GYG 990
14{w8g[2UE 990
0UtS0{K8>y 995
}~J3qOKFdb 1000
6icL[J:;\G 1003
{NLOc5t}u2 1003
fRS`=wapRQ 1005
O`qjxs8ghu 1008
ULBssONIya 1008
[x1u[=r1w{ 1009
J7W4?D47| 1009
mCx|~o7h>o 1010
?F~\LKPB;> 1013
2B9c|rAiIl 1018
RAcacnU`7C 1022
1<`NRLwck= 1023
i`qPM:7kGT 1024
:XB:Z?q5l 1024
WhS?`mTBsX 1029
7BrQjt14ab 1029
XoDH\xJ<91 1030
5pOa^vkRo 1031
kkkZmy6<7s 1033
s;6?CO7^do 1035
{iwjVWd4JF 1041
aQa2lixTS[ 1041
i:0it:F4NW 1042
>Dv5;=6:bd 1044
fk`T|Sk3^8 1047
GSc3NBStMS 1048
uy`236Ykp7 1056
S:Q4gm3Hi9 1062
Q:mSpFopmV 1065
de_]XXU3U^ 1067
]M}NITvY|U 1068
wWemCNY8zB 1068
o6:mcuyC\ 1069
41abDVyIoL 1071
L2y\IGlMO= 1072
\I41iVSdP_ 1075
G96IMGJt~2 1076
m}}0xt@jyK 1078
;_LPcpNjuu 1078
Od3Peh7ad: 1078
AKd8iTsqAs 1088
BhX`pXQ6]y 1094
XNbT0Lo1Eb 1097
vAT6yQ=w[d 1098
_t]N4Cxzm\ 1098
i@E5khjE1H 1103
Y4jQyb>pWn 1105
<a[AVcQSiw 1108
Wfvt1X~Bd 1117
0PUbb1S=Uy 1125
yGP\?xrQ}; 1125
n6daaL6K\I 1126
v9r2\{{Iw 1129
3fp1{dc8Mo 1129
R^ortYMA:V 1129
{0:p<UZhF 1133
FtqG6i;^SM 1136
||VWU8n;j: 1137
9sqsC9GhBZ 1137
Ytf\>w~5K^ 1138
SB37ehnfAm 1139
`Xi?aWHz2{ 1151
{D>a=RQNy0 1152
pUMIw0Zl:~ 1155
uUUc[Lv3]F 1158
]cYd_U;9Gg 1162
6nDe5e7YQ 1166
[j:R3sslk2 1167
{<LQTt2ox| 1169
OD6bO2j~Gb 1171
j|VJEOAMoV 1173
=_[[zF4kRB 1175
m9yQD1~6dY 1181
@QlB`UITno 1181
0i=0p@hV5] 1183
InM|srUDK7 1188
UO0\aZBQ[L 1189
312kHgs`3 1189
\dEH]O;QGG 1190
pMx~g?Bwkl 1192
r26o7gOuzB 1192
YlqR][a[_} 1193
7sX4DHBff3 1194
Ywn?>AzNaC 1194
gA{5;Xwwyy 1197
eU1u5QOr=~ 1199
jH7\4bTlkp 1199
s8GLgcffX4 1200
sy07=6[=Pv 1200
z[zbJlXuBP 1201
;;K`?LAF0| 1201
M[en5t}3NY 1209
bWAGTl_W\A 1209
|ZFOR@gadi 1212
nSZT54QD_2 1212
Ch?HmwrLGD 1213
DUrqtzGf} 1213
r=F\PIE:<c 1223
8u{`yUbQA1 1227
o9<\_?EG[d 1240
>;KMHFxe~O 1244
NGQwx5mgV2 1245
KDuW03WaB 1247
rtd=IhsOV8 1249
m9qgv;<E\y 1250
l=X5rxS{TX 1251
T:jdeqX7]< 1253
9:mgXk~htA 1255
wuHSZG}Ml 1256
ZJ0]tZ[fVq 1260
A_|tUBCv=K 1265
L{4G~j08FL 1268
cq8GQxf}C 1275
y1[WP54eM3 1282
BpEhXyJM3j 1282
pMo0FXavXF 1284
8>YJF>RqRc 1284
r<9K\Q2iib 1284
65YOOI3lB| 1287
2t9j0N}0;a 1288
;]BHkUWZv< 1288
}IuY:?\tN< 1292
=HQlk79]?H 1293
fJ8^cmRo5; 1294
861P5<k@I: 1300
P[H?UEsLC3 1301
vW<c|y|t@ 1304
;KMJR}2Mju 1304
aR=jFG:jCq 1309
Dk3gLQdbo; 1327
^G1bmb<b 1330
u_RC\t8F>I 1334
OsKUgWoI=a 1334
I]>ISCvvRO 1334
QA?ynieXL9 1340
4to@gnjK@[ 1342
?tKmC3Iyng 1344
c^RQbM`[w2 1344
fJ;VM;6=px 1350
HRW[e}br;R 1350
EdhU=\;bv| 1351
s8F5W_gSM~ 1353
YsvfM~rEFt 1366
Z=eoE`mmy| 1370
GzGmyk=a0[ 1373
?a|:C2:s|} 1382
9P_pD2sh5i 1384
8ms85NSS7] 1389
Bu|wb5L?vq 1389
Iz_n6mp`qB 1390
BOR1aC3b9u 1397
orynlgSDbS 1398
vP[t8v<1{c 1399
USFwswo0IK 1402
P}_T7o`B?p 1404
j?mq};v>S8 1404
{AR2S[xcw? 1409
XkZ6]RSmqj 1411
lpyT`;HH@d 1418
8iDi|>Qe4p 1420
Ma`uKWL24 1421
7rh;_cp74q 1425
rwdVfte907 1428
3L4xRLmw49 1428
DL>F`C2y6V 1432
5xv[apR6qW 1433
Q1Cy{:f;qT 1434
>4l{}Y<ATQ 1436
Xpk1J3\d\m 1437
EB>=wK|dwh 1440
l^F3EKGWB 1441
0vfli}rN\ 1443
t4uw:nI26k 1444
xRAMOp^S3j 1449
S{|A2uk|WQ 1451
y_}Tkkg4u= 1455
1UAu[uA3:] 1459
1}MJq1mqg1 1460
qf|[uFSFwo 1462
yQI`wtfY5c 1462
ZXlZd`pqP8 1463
@qE~:=wR40 1468
lK33\u??9 1470
DNO}?HzbJ_ 1470
63EdHaMKyR 1470
;>2xn`m|If 1472
KLgCuG\=v4 1474
`KGunt5M1> 1475
FRb{WBU|4a 1476
`KPP{@9^KO 1477
k~kIR3h9n 1477
y_o|G`_<aW 1478
Ts5@@as5^{ 1480
ub7jx{Drgi 1487
N;ZA|=7tbw 1487
eX}Q1ajkK 1487
;i@g^Yt7Yd 1488
Qqan69_Ak: 1488
B]oUq}Gsy6 1495
WM_IcgAbUr 1497
7:|^M~4Xe; 1498
Etn0DrcHEd 1499
FjA33X[d;: 1500
bBW8Q~{Tci 1500
2881EGJ\cf 1502
sYP|AxrEpo 1503
@>]hl_p<{ 1506
HG`@B1Ch4H 1508
nCtMAjmZ2o 1508
49U3K^q8Qx 1509
m0O@V73Q^F 1509
JfavGmrurt 1511
>]A>AvLf{C 1513
G`?kO21w_a 1514
v6<;^\wu`5 1518
aMUaI[l:sj 1522
t]h}SvP^rc 1530
<N?HpW~q[H 1530
VhnW^Vs~QB 1531
9k9C7WOh;E 1537
xR5@WGWyuP 1546
KY_xmuNV]{ 1547
S7K8D5wXw? 1550
;;8;EBrI0D 1553
f__0D3f_hU 1559
i<gw5`FgM{ 1562
g0;wLr@XN5 1570
`Ac>=YT[1} 1574
Tg>{qQIZ>q 1575
r\kVt7w{r 1581
fGj`CLQz^P 1582
E[YSRBXW; 1583
ZJ_ob=F<Sh 1585
\:c;HioE^t 1588
gZ{l}c^xS< 1591
tPnXHf<8Sv 1593
Mkq~obn}sJ 1602
G3_@YYAAWK 1608
mv\m9z?]tm 1608
<FuiphI`fr 1609
1o@y?VCU? 1613
cBEi@p^AEM 1620
Hvn8>>2wfp 1632
QC]_\c\;l 1634
fe6zQB2gl 1637
Qjpcs^SHM[ 1638
PV7ZsgXtF{ 1644
C<:VeTs[am 1644
_t}iCSaGQ 1647
L\SP}YR1^R 1648
LIaLx8|udJ 1654
9D3z]KGk~z 1661
H]1171gG?m 1662
7mteT@bKAG 1662
4~]oo}D:= 1662
jRSJXpeS@E 1663
}]]~3dWlXt 1665
:j7XuXKF\? 1667
ULFebfrL|9 1668
R3:J>XY\zt 1671
q5w2Cc:AnT 1674
\d?bgQRDX` 1674
~rm:6nBLJW 1675
j7q>G9gVR< 1683
9b:V\:\o4 1683
^~Esl_Yq_a 1683
fn8Tv?JNy 1684
8W7~1Ga_Zn 1685
<hp6DFol[i 1689
EjNCyxuzkk 1689
9R|_HFh=kw 1691
R~5C0uVYo; 1694
0OV1t\>:`= 1696
bsGCTaH]1h 1696
Jf06aoVxb9 1696
KQ\<8axx1< 1697
Qc0`8hNKqX 1704
F:O^_sb\A@ 1706
Kr=<W3\{XC 1707
lvcGhc:bF< 1707
]P\N@LM~{l 1709
Ymq_b|85l] 1712
xeqDSe2TFU 1714
LHkrgD9g4| 1719
tvub?DVIVT 1721
_PgR0y2:Pz 1723
^~=L[Fn>4i 1729
Fx=cnrL]iX 1729
Cs\~=oQiTY 1731
x~w2qF6J]E 1735
x_S]zYNwa 1736
N53w`\8wL~ 1737
QKjd?_U[e= 1742
rpa5Aa`0N\ 1744
0l76m{2KJ2 1746
YY7{aV]B}o 1747
1CUg>HfQn 1748
cUl\uw8[m 1755
|WA{8PAl[ 1755
f=_Zb7xn_w 1755
;846iti8s| 1758
97U~@zeI~d 1759
r\JGHDBbXf 1760
Rn^C\S66g 1776
GNGyG`n|9J 1778
_EBKV5_rN6 1780
Ii{D?\vR1h 1785
NJTJdb`b]< 1785
xSlk_mEud= 1787
9I{{FJ]Odp 1791
=FAgXu7~HS 1791
m\Gq40UV<1 1792
W7MQ]z;}o[ 1795
QT0Ym47E<[ 1795
_eV<rJ]uIj 1795
yRF0pMKsq 1796
PJvd=K7Mo1 1797
@at[04\HoK 1800
7E<QXkS_f{ 1806
jEX]t=7X}u 1806
LGh{=zhBn: 1806
I7_J`oAgb5 1806
8^VkN98Z?Z 1807
?bTM=wGuQg 1808
[hW;bHK]DQ 1814
XHHHzyF93Z 1815
Ss}|AMe0Fp 1817
?ofFNeWIwk 1822
kv>9Esz\W< 1822
|IHk5L7ieG 1826
:k]o~:X|Ea 1827
ye=S<eUBCN 1832
G=x|b>uV}j 1834
ZFvFR\YE\ 1838
8HXV]tF8JT 1841
kXuj}}N>Kt 1842
y0qHl]YL:T 1845
Cqk5`SK3l; 1850
rz2guzGG5h 1852
JJ24A`FlgX 1852
BRQ7WL}M:> 1853
PmV||Ayj7] 1855
|AZ5UfFpyX 1856
[MjX`yx27 1856
BMPV01HzME 1862
Eij5n4YW9{ 1869
OnqYz1Ulpr 1875
:[<eaZ@Ib4 1875
?}vo`FqRQy 1880
zZN4;7TlB 1880
xg7_|v{Y2{ 1881
Dl^Yw6y<QP 1881
ic@D[UOSD? 1883
U^gnAkc2<X 1883
CJ}f``:]J? 1884
tH\Hvu`24? 1885
U^QM9QchJy 1886
qb[Sg`C1Ka 1889
e3Hwlm9kTY 1894
[wLWK~>7O 1895
e>Eo>}Sg?D 1898
TYPjI<3Ko 1899
OZCL{Q|1ax 1901
SvgTa:Cm> 1904
pW{~Atf=< 1912
5Bv<4hBj@^ 1913
\4;voI81Nl 1917
<T><721:uS 1922
nG1Uo<R>co 1922
@Rt:UO:<5J 1925
W_Qt1d^bs 1926
]x<UZrQgAI 1928
O[B[sfU@gY 1929
01vqy;I5Xe 1932
gppyBpbHZT 1932
CXq~A>P~{O 1933
[CdH^F:^`j 1936
8\YRYxv:R 1940
mn]YTai<L 1940
z~WfgxDBdB 1942
\9tI6hrS4> 1943
qTk@BdxA`3 1949
c|T8:0Y9W; 1950
<j\wEi0UUz 1951
e]xgO<~}Aa 1952
|}CAKzf7Ai 1956
}<Poge~1oH 1965
^QZ|AVqIoz 1965
qqS2ZCoS~k 1965
F2QoLKkpZG 1967
xVis=tFP;k 1975
Qm8kJTm|x 1979
A9ElTNESv 1984
46OUx5Imvx 1989
ls]Pfsvq?5 1992
sB`|Ulmvk< 1994
8sQo37tKN6 1994
unB`0t=Im4 1997
<jO3C|QaUs 1998
he^>GtLwiZ 1998
Peqe;8}[~] 2016
T}~ZySFN0q 2018
Q>tI5wUSHo 2018
4tjHhF5IZ 2019
DjAe82{xxk 2021
Rt=kH|Ms4> 2022
EWx\0k|~n; 2027
kL8P^X<j:4 2028
<8q<]Sn;P3 2038
xmb98Kpule 2041
4m\JixE9j} 2043
0~<A]7on{[ 2043
<S3>7K9wlP 2045
?aK<TzMljW 2046
Xfbf^}>BD2 2047
N]vlBUb]S0 2051
5Q7dPbLnx 2053
AaCQI;pW7 2053
F|]2Yy[wuO 2055
QdNyIwQ8OE 2065
Jw6DSQhILV 2067
rygNmZM]f_ 2071
8pLeP8Q@QQ 2072
9s9RWCsloF 2073
[0i0bj0@I 2080
]HS5{{[\{M 2080
HOg04pG_S? 2081
9tFhdxM~B? 2083
U<JM569t2u 2085
yw`@f5>f`q 2085
[h7m`}tt@; 2085
YKmi5x[X8I 2089
K{KP\Yj3=; 2095
fejeLa:N]t 2101
[KPL1m19e? 2102
bW~J_bTVH0 2105
ej}Vh9Qs|w 2106
{x0V?SxMc@ 2109
sMF~m[4oG3 2114
BIJrI=;=n9 2116
RI@7zbA?vT 2116
sS_>Raq^[ 2119
3GdO4i:h8 2120
C:;~iVHQ3x 2122
~QpRQB}G{? 2123
=}9uZrMJOV 2128
\wE@ZGQ4Xt 2129
WA7uKHg|ub 2129
k>S5r;0[qY 2132
l]uqKvz4\t 2135
dImN0nH@ 2141
r<yxnhK_DL 2141
IbSDpzjQv 2144
sQJPdcvcun 2147
kcSWud`K;w 2149
ubHIP_}c}I 2152
B8i0T}Cc^ 2153
NI>qUezoeW 2154
qansRZ=gc\ 2156
{Nr_@;|BRK 2156
:7Q3|KBJ;D 2160
dgw6Yx|iqB 2168
4G>KXDufG 2170
<kdlz3;UYP 2175
IvAnV}sVuw 2179
dxFg8r07JU 2179
iA0@^<`E_: 2181
np}<wFcdC6 2181
3fnQwEx]G2 2183
=5|8}@q<Zl 2185
8?;O`gc;Pd 2185
Xnc^3Rt4hq 2188
=o3lo1XTm0 2188
9HHrk?Wt3y 2194
zmA@2J|Lx 2199
XVFFLvQtwD 2204
M:TwHJ|Rq< 2206
2KTepB;Kj3 2207
2JG2dbZ2Z 2208
p0M7<Q@cm1 2209
W8\G{c1HI 2213
2l|t^;SPD 2218
Q}Q{:vy3_z 2219
N\LpTQdEEQ 2219
5JxwZBLZF= 2228
O=0tTOYm~\ 2238
NE]gq47g^P 2241
GEtM9F6K8d 2252
a:?>pjeh=E 2253
Q7mag^87Hu 2254
i}X{~mK6dV 2258
FGeVR@@^oH 2267
EzbpIH>1?y 2270
1bo<gnic9 2271
L9ojK{J0}0 2279
sLJ8cx@mzH 2280
rLx3_hEp33 2281
cNlH[ps4VF 2287
LYj9X}Bpz< 2291
0wiMGfRpGb 2301
WN|4oA>v?y 2301
9OGx}{eRjv 2305
4Y4<?T2Gzf 2308
S6IlUTvjQ_ 2311
=NHvdw4Wn9 2314
E^u0g|]Gfb 2318
7;7\|eTI4w 2325
588WfKzPFi 2328
f^q>|g\hiv 2336
4|7=Lu|`yf 2336
<aB9NMB~1 2337
ck}>J>203 2339
1yTHVHEoYm 2340
^xkntJ0;}> 2341
Cgyc<KUMW 2344
9J2sRGyOHj 2344
We2V`89SZe 2346
3vMcIfY7UK 2347
4<r`QQE]H^ 2347
1wLk[`\E7R 2348
[<lbx8G?}@ 2354
a^wp;j6JA 2354
eu9kQk_S^7 2355
:ZK;I<E`aZ 2361
3BdY>VqS]Y 2363
vpI3r_hiii 2363
X_OID@1T8E 2364
D=jjkoiuXt 2364
][<rV\r}5U 2364
AFSEbA_nXW 2371
40@sXLp9R 2371
tZB5]WzkNY 2375
y^bgpDIV{I 2378
nUUuFeRMW 2378
>>BV?HpsVW 2379
yO6x78xcKU 2379
f<>;:@uz>\ 2380
GVg>S;>yYH 2381
KH~a88az<A 2383
d~;D;[K8D0 2385
rpUT6L:?BW 2396
XeU62=GaZF 2398
J@Mt9vI<P] 2399
\u0vhQCo7T 2402
<xjv]H87rp 2404
6gS}eImv6P 2406
`b`7J{R{p| 2406
6F~j<a]ma 2410
4Z^Z7hmO~a 2413
z]t8JeqFC4 2414
JDjJg;L~TH 2414
4]g7S;bm:5 2416
jMQ}hJknP1 2418
Ala{>NXlEh 2421
?OK[yAVdn 2424
iZlE<;\Mhf 2425
8k_oq8ohx4 2427
mD<7Mvjrwu 2435
Zp:ygeq0<s 2438
]y`8`AaHNC 2445
YfoQSKHFAo 2445
h{qX07;]IC 2445
RHNvMZI_3J 2445
Y~KQ^\[>SJ 2447
?r~czJ=_9d 2449
I@VF:T^>aI 2453
K~p:vw;a^3 2453
\wIQ`fZBn9 2459
^lmPW{jF<r 2461
un;OfU{F1; 2461
doq]Zfe[H0 2463
u2C<[hH~?< 2463
ANoJ2FjMvi 2466
?gSQ]fR{m] 2470
r=|NBZhr5 2474
d|UAM=FzbV 2478
L}OvYZ<<S4 2482
n0EB6i70p= 2482
tX;Gg_fXta 2487
]kj{9rP86 2488
l2[3x1pd2 2489
fXFc7\r;Be 2489
1k:p^n3GPv 2490
UA1hK{yX_5 2494
kd=lRqe0T1 2495
x\=bl_h\|m 2498
aB7bPtlt\N 2498
Rz}|8:A0Nc 2499
3TGjoJcl8V 2502
8H;=@L?]B^ 2504
@el146Ty4v 2508
?P4_hIL;nf 2509
:]?m6_Z^^= 2510
ya9?Q0KIp8 2511
sJm>6tp=Re 2520
]hR`UT{``u 2521
4XjY]{=F=7 2522
EN~fQR;pd} 2525
OCPA9Zp[gx 2525
MJ}2rbW4Ig 2526
z@FE}w2Yxn 2527
e|?FG6;4wJ 2528
p6c~@y2oL 2529
>F^xyqkDkK 2535
Qf[g2lDR_ 2535
:<fKgkW<a_ 2539
GRNBOxla|f 2540
o1OU\>XyL} 2541
P<A8jTgFv@ 2542
j8krI6}yx8 2544
]9T9fd=3Nv 2547
VcntXsEF@1 2549
U49jhun^y~ 2551
T`VOUQJ8\; 2558
RzuX_cpnnl 2559
Jd@;~]AWG 2562
CtFDvMiEUy 2563
RVD`R06F7 2563
kh4rh3m@|F 2564
|[\Uq{?7>s 2564
<nUCbc_w^} 2568
r56gyoV`Q> 2582
kaCv4F~ut^ 2583
BL;OxMPU<G 2590
X?Od:A{gKa 2598
3JaqpF2:Y@ 2610
n8vE8ljpHd 2610
cKapM}mg5[ 2611
N1a^mA18h3 2611
X_F0@Un~Q] 2612
I:fDb@iWQ7 2618
6[L6~U{OnO 2620
kHo__m~UdD 2620
PMiwE5]SLF 2622
;\P5k]YkH} 2625
5XAkeFVq{f 2625
Vp]LtWm]Qr 2627
WIp{=2jg^F 2629
bw5Z5L1@w 2630
wcHAdCGiz] 2632
x|:@}}dX0f 2635
Vm3wDGH2e0 2641
JAhs>twZ08 2641
Uleob_;NsF 2647
2q=@6i01gS 2652
2ECQldVFv] 2661
aAyt1;PWC` 2664
~j]N6|Q}q{ 2665
~~pT~G=Elz 2666
xufl0AZLsv 2668
V_@Nx\2ed4 2668
bBo;p48uow 2669
A;ZRUKV1e= 2670
Z>5;@p}Ci8 2670
o]re6|jjd 2671
WYYhPMF;mM 2671
X{l~ww=m6H 2673
TkNTLOZUNk 2673
cioCVNE|u{ 2679
H9Nsp2uGX6 2681
=DnBewzKIK 2681
XAlxRfw7| 2685
mTyovu\CO} 2687
~nn=oh`2[Q 2688
ZDxfjAGA 2690
r]tSX|4N;? 2694
]NQR<HweU 2696
nxgKOF~@ZI 2698
F`Gw_ZLyI9 2701
4sljtPDfI2 2703
MAAFNTTnMP 2703
QmolMMjHU[ 2703
5MUGQ2kM= 2704
{Iuf<YMC^C 2708
^gtLM<\nPh 2709
nOeezb`c@ 2711
I9yV2fvom4 2716
ol{7QTp8qR 2719
Pb~ANs1Z>L 2721
={09lOfUIh 2721
[s3ANv=?k8 2721
16d]>S>=t3 2722
B<8`OsK1U 2728
X08YaUXS`1 2729
F|nCFPR}d{ 2733
nE`nixf3j= 2733
AQILo8P`FG 2734
<fe_DxjTZ2 2734
3naN>f79el 2737
L{38tIBI= 2739
ygVlU7oxw^ 2740
HW{A5dUC]m 2746
72~q2^pq} 2753
cwgHDQp6dD 2758
Tkh?tVUuFc 2759
Sv;SI7KD2P 2760
[cC1^ILSgQ 2762
[kqr[ztWOa 2764
bKgyVp:<[] 2770
N4b[1Cf@Y9 2770
l}zZ@|S>5J 2774
~;`BLD`jQe 2781
l?BDw5q1~W 2784
E~xxG7ka@G 2787
eekmg|Ig8T 2790
v]cutLt~c: 2793
fj5Cfr>>CQ 2797
Lv=E:>UtUA 2800
8U<|l<|~|d 2804
9x\yO<15o| 2805
Xl2i8udBb; 2805
2nBhElzLqy 2808
TU[]OfddP} 2809
o_}\oJ:_U 2810
G9`<s3@Yhx 2811
bmxPrnzP;w 2812
9qAb@2|E9n 2815
yx<H@@\q4 2815
Sb^XTW8EsA 2818
P5EG_znz 2821
yrlHX}\~{m 2821
I5NX8QwQE_ 2828
^NVdDifvh9 2828
`66L4\F7BW 2828
1ILO`JJ~E^ 2836
EUL~|DhwYx 2838
qT~s2KeCcr 2841
0ToW??e@^< 2843
qxGT^ZE|S 2845
G`E|X=}tYv 2848
ypfFF`L~s[ 2849
{FeY^ClKO[ 2853
2z`c@hHROg 2855
idgJ>a69RM 2858
MnKWSRPYPp 2861
irZ4oCpK^0 2862
;_zRIY:<dQ 2863
FB}0Ou5IH` 2868
v4s=fsv9dc 2870
QA4dg?t:Zt 2870
TJO\injvec 2871
5D__^c9Bc 2872
8eAuX>_PCh 2876
D66GGbmr2N 2877
h>P?tA:E@ 2879
XMxi63TaUp 2879
c^Z?6J|w~n 2881
eGt}y{\G2Z 2884
}q0sHFe1lJ 2885
l}FwGB7@a2 2887
~^^1Pl5{i7 2891
A7I}3\vL}{ 2891
E59CLxT1Fs 2898
980d0?y1vx 2900
ZVdWZMI;@{ 2901
{1jhv:TgF8 2902
dGu__eW<iR 2902
ThwQVC`w5 2903
1~i>D{d<4} 2906
Lee0Dtjb0Y 2906
QZvSm{>>{L 2910
I|iVDV4{9| 2911
Zs^0I_q9J5 2911
AF@]w<_^I> 2914
4BL?=166vu 2917
E0RMIu_Czd 2920
F4n[KM_?Y0 2925
G|UcJ4IJk9 2925
[1QWgl\]RD 2929
gC<tmZQt[D 2930
De1o~IM\[B 2930
j[Iey==Z~a 2930
AK7a|pi@o~ 2932
2r@`530~Wb 2934
>`|MB;I@]i 2934
JrN~Rm}dAf 2936
fBf=gg7l86 2940
Y4z=A3Pw|\ 2940
bbU5c]|R]2 2950
W\mE`pCKO{ 2951
_j:L?nVj58 2951
JT[:M@Kh_v 2952
MIj`4t0B3p 2963
6HMI]5C9m} 2964
AMuqNv;2WI 2971
YH7yY|O@lS 2976
m`yzQDvYav 2978
sMS<zwq5VN 2979
P[jD;sM:bD 2980
jL9WF\AjLy 2981
BCfK@T>78m 2983
bOGN1DGTOd 2984
BKdArGS58} 2984
3?tb9[io5l 2987
YejA0h0=rA 2989
SO<|pVFh=> 2989
m_W|Z\LGn 2992
fl;SFQ;[Z 2993
x{uv}ZDNK[ 2994
lLgW7r8bA< 2996
4\s|Hp7z0q 2997
R:KMB0RoFt 2998
Qgz;lZC\Pc 2999
UjfX8qH1^b 3001
>SOOq}K@l8 3003
:LQ_U>r3h] 3005
N@WQ\1BL56 3007
:fkoooTix0 3007
E>NBMf{O1m 3010
4W>>aaTl3z 3011
iVGUnhY_9v 3015
^I|TIfuxxh 3018
0n=Vj5:G~? 3023
uuYM`N]A? 3024
UNxJgE@?zN 3027
:C_uXDy?HS 3028
h_gbs|Nq^j 3029
@VIVn55r>w 3033
>[5W7Mwnl= 3036
pcAu~BRNs2 3044
t_XzaxfsGx 3050
=?00FyR0bk 3057
SrRKVEmU0X 3062
P\QWA^?tsd 3065
B^fOrs<yR 3066
Zo<UM5c6w{ 3068
zWo0B9Ux1s 3072
aftX{C1_@8 3072
YyA[`mZ?u9 3075
HOMzjPANr= 3079
>FtFLZ6iI 3082
v_W57p:Yc7 3083
VwEek300r? 3090
=erpEqjzk\ 3094
Y}u^>GQ_ow 3095
9Mzdq}gc>J 3096
y>lOC>yr|_ 3097
QW]7V~DO0| 3098
j5;MBiNtVu 3099
wu]20^\MD: 3099
ldTV>Qd?rN 3100
=fWk6[PY`> 3100
Np0`9BSgim 3105
1QM>H:s9Cd 3108
e3\pTR[NYV 3109
\]WWE<]kac 3111
G;0UD}9PXO 3112
1Rt9O:CRnG 3119
jqIh8nkRgO 3120
=M;juuh7nA 3124
o3{qge|:W1 3125
Ns@9MHmRw? 3125
<aVWyPJjRy 3128
FD06jcBy]e 3128
wiRw>hTjQ` 3129
rufT~8CRP? 3130
h_vrrTFQ0F 3132
aec}iOYVJ@ 3132
JUN|mpWp~0 3134
\o6rLc;dm? 3142
SW0b9Jr_t: 3143
2`_u?0=H__ 3143
s]i[\dSoeF 3144
rgD{1oxZXD 3144
pp;6Wcd0Zb 3147
i8Z|wQ6a_4 3148
E\Iy:{25Oa 3148
q|JGs=Lx@7 3153
~O=R<z:CzG 3160
824lKenrHU 3160
QlktKl2~m 3167
D9a9TAB5Me 3168
nNEJWZcIg9 3169
6iUt]kodg 3176
pswi9JPRKK 3178
R3w_GdtmdL 3184
:@r;PQllTk 3194
YHsQnN@AO 3202
>2:tnKdgQs 3202
3?Y`AImt8w 3205
~41Q<Sfqo> 3206
yX^ib0MCw1 3210
QCH|fg1B{w 3220
DT3rg4oqYW 3223
LAStOyUIJB 3225
p42q{LHME4 3229
{ScrFAvhC4 3229
JhqGNrhldi 3237
H9S5XM^;]p 3238
zw5[CHqjW? 3238
];jAhf5iD 3239
~C^pUd_yr} 3240
qVSk6H=^dS 3241
HGq@L4VQaI 3242
N^7<?TcLY 3242
AKZAuQPev] 3242
o:4}0Ib0F 3247
\re1<lMJcl 3248
aM_~;yGON@ 3249
fM^~52qlVj 3250
U|\PnKecvT 3251
zWrOJ7Q1gC 3252
~NxLtQB^\u 3254
MTRaqcCmS 3254
feufI6ZOqQ 3255
\db^gc3;7] 3257
2zaA`F|xO 3259
mOb[vcs^fD 3260
cCL9l2{^= 3262
FW^DO:ALyc 3263
p:Knqvn^FS 3264
JegcofzkAm 3264
d4|U<2a>CX 3265
rtRQ]tkA1r 3276
ILM:s5vc?A 3278
YrGU;Ki}M8 3281
>pZ^D<t2N~ 3281
:5th1PYm~\ 3287
aGvt4kREcP 3289
j]h@mm54c 3290
qXcwAwbmTS 3298
fUwWs2Lpc^ 3300
c90@Tg;\p> 3307
Dh3\u@zd5a 3309
BHi|<BEZuC 3311
k@]R_?KWad 3322
xmD^s7R1F 3324
\]<[Al>wa 3331
8zCiggKV6B 3333
F|LosUKW\t 3337
Pg3_xCc^g 3342
SHRPS9Iee[ 3344
J]@^P2E[X{ 3347
NnOS}T}[4X 3348
|R0MLnTFRT 3356
3pw|AysD9P 3360
;UQUsiJCS 3367
ZEk75pEE@8 3369
;HM7tD^RWw 3371
tamdeB=eka 3374
H1kpTQctMv 3376
0:[tGtL}Tj 3376
_\O<1`x?1y 3378
LOCtBUZGxb 3383
HH2[MS1N3n 3386
wpxRWRFL9 3397
orvkb6Q}Ph 3398
fN5KJc};?} 3398
wNghAp}p5O 3399
e69:l<d0qO 3406
EimS~~ht7[ 3413
^|Nym>U69| 3413
][1yJaAX^e 3414
>xIt]22Zqw 3415
2DlkwoP5R6 3416
sy1P:tHqoI 3429
0cDOO1{O|W 3430
e[rgiq5N]E 3433
KHVM2j=PgN 3433
DQI~y@WK0x 3437
LE8\i`qKjp 3437
0lA<I3gw9P 3438
GW\ojgsuW> 3444
`TkV|_:Aya 3445
1Xe>k~Qi< 3445
jHDbIbp^Du 3449
mfkh~v{}X 3453
MlI7FfQoL; 3456
[nUZsRmofV 3462
mug~gYcONb 3463
e\~URhr8z` 3467
lrn5H62YPd 3468
=6HsLngea; 3475
iYVuvJk\h: 3478
o__Llbh]GM 3479
nTR{w}saK9 3482
jqoRx@`G}6 3487
x^XLKNEARV 3488
rA[@rz27iE 3488
hWaTv5^kN4 3497
WvpQL8j}G 3499
qhwATm>AyN 3501
RSMe6UHJu0 3501
849xRBYg{N 3503
4?NIgfE[Qx 3512
[i9Kj^Dgt7 3521
QD@oh7i?Ck 3522
yHjS4DeG1f 3523
c[6H2QHkLj 3526
LmOyuuj\24 3529
n_2^k7L5^G 3532
\\90^vOh|t 3533
lZ8G\ygFLX 3534
{;vdRbJQ_V 3536
|7K>mayhUm 3539
;4oMXjmE~1 3540
qRtpx4;k>i 3545
i`?`Y\DMy 3545
il~RF1mT_< 3549
|5mzjeEC?] 3552
aVQI1V;Q\p 3553
lXuASAlfq 3553
4slEj\T<\k 3555
U`UpgiGR;p 3556
oE:1PW<5vs 3560
=gqAZpxx_H 3561
mMXn8I{zkM 3562
6gGMf9uSP 3564
U?SeV<aK[; 3564
\2@Y1;FF@s 3570
e4Lrd8fWLM 3571
tI|wSo<;dL 3573
TD`=3HnmdV 3574
3>E:6]L6n 3575
@oto^p_FHD 3576
iS}1e5c8L{ 3584
_Rr;>S<yc= 3595
0[;`Up9oNY 3599
>24zSs2a:9 3616
1gb8uF20<@ 3620
L81JL6}FkL 3621
y4`DkSIi;9 3622
J::N@d7Fe7 3623
9hGAS\6w2H 3626
k7LFNS{g[ 3630
:QWC>nva3d 3633
V|\fX~\6RO 3634
`FDRY|P9xQ 3634
=@1?LF_2D@ 3635
_1~IH0w^We 3638
D}1_1p{<m5 3640
@yvHF};`p4 3645
z_3;9K56sz 3646
dh_zrp:kDV 3648
{27y0:iqI] 3648
p4BpV9ifB1 3650
Js3QDoH~~ 3652
uv1GDfVLEl 3652
MODY\2weiW 3659
i3Vl@?Uo[r 3660
pK>E`<_qPe 3661
x7rLS3@68 3662
N?k=bpf=t8 3664
X:K>NIsmT 3664
RswX~i8tp 3665
k|_S6X^fH 3666
0O4:OGsV]V 3666
FmZC]2Al4p 3666
E03pW:0zU6 3669
FR`\F=D8p[ 3670
RB4|lEghp] 3673
S~KtT_82>M 3675
oBNW]9xB3 3675
29X7{tr7Dc 3677
Wfz:\qk?c 3684
oct1Xptq[Y 3689
2f8Y{KZwPp 3690
1j9dYGdZPd 3691
zsk^sWyDQB 3695
K2C5nMwaac 3696
jq\9_jwWic 3705
{ei[DE~56 3709
>ARchR0eWv 3710
DH1Kga3Ved 3717
USCQ6z:dL 3719
nSg3IlCh: 3723
BUJiZU8cI@ 3725
6EkA^>q[m> 3726
qwkN<M8cSK 3727
UAXDX0g:w 3728
4OsdCPlGb\ 3729
Yqw_YKBpuZ 3730
fS?HMBC?t: 3734
7P]{Bd}@tF 3742
g14UF7Yuu` 3742
ag0l\J2s11 3743
P04J=2O}uJ 3745
t0iUYR6Z0b 3751
5d>GY0UiI[ 3751
=ZTQV@kUW 3752
tp|PNnH[em 3755
O1LB<;t\_A 3759
U1VJhY?1|J 3760
4URCe2{;Uc 3760
D_INJQt5@m 3761
?LqXT<LyHv 3763
@oK_oTKc{n 3765
KE}3DK_?c3 3766
7up1638A6{ 3769
Wes?1}dFL 3770
~[VV;8Hs2T 3776
mx@JBT1WYn 3779
1u1paGM~E? 3784
EPZiKA?lEp 3785
7@pLVBjca 3788
?~MtQQ`^Au 3790
:Ax=T^rUwi 3791
7[dsh?;5gY 3794
?G5VMzecD 3794
Htjjh_Kjy4 3795
Uj|MaN[CrI 3796
FK8dqdLR?s 3803
7RQD{?yJe6 3807
DAZS^zVwC0 3811
Kw~?icKYWt 3814
Y3IOz{[J9l 3819
]zLT{XR4 3820
Pr6q[^gyWR 3821
j}~Fj|>s1Q 3824
~xn~mwItK9 3827
O>a;T|[fsc 3829
pb~PxRq>ZS 3830
I:LTU3o`ex 3837
q=[digQeS~ 3837
\MF\A`fCvP 3838
r:Yc~YOe|> 3840
=g23:V~g`z 3850
8Xiv2j{F02 3850
[5NbH3nKXA 3857
F}tJkl?3vJ 3857
3QF5Pj`D}p 3858
hZmCOQFf<T 3860
9<S0DuDb;` 3860
ixpRLmyQ}f 3863
FHg=3;mSTE 3864
416iV9Sk9a 3869
NCC{2nn3Kc 3869
W;iR4Sc~^4 3870
tfi07Bt9bu 3870
eRe8MsWMmD 3876
z6`gZ4?e8Q 3877
63[QkRs 3877
GlSGV}QKfJ 3881
XBF^8~jU_~ 3882
XbhCIG986F 3887
<XrInr>W@2 3890
t?aA[}{24U 3890
[QUi84Gsi^ 3891
xHFsFvGiDw 3892
xP[ftVEHFt 3892
~nh?HdPYoL 3894
UEwEkr8l3u 3895
\Sk2I=DJ^O 3898
;pM9`u8w8 3900
CO_yKkYN= 3909
>?=yT}NcV: 3910
=B]?`n~CX} 3913
AQgo9~8aDy 3914
M;VOoQhj@F 3914
<Tu_sGM>I 3914
<lCqPT]j7j 3917
j3Z9MMxEN 3919
aV2LhWi{?J 3920
R[0XbYR\> 3921
<VSd@m@pU7 3928
L]XmH~e`IX 3942
Oge@5e}\w? 3951
pPdhQzPb>6 3952
;g_r5W37L4 3953
Wb5WDv5JZg 3955
y^_YXcH2AO 3958
xH0bSs7yFY 3960
^>~w;iCW}0 3962
HGQ=2uD?[N 3967
QWb~XkE;>| 3968
GYjg2f0szO 3968
=slO0ETUjo 3968
P|xuOicmWd 3970
iD:KB;n|23 3975
m[k}J\i\fl 3976
>u~}<[6GK 3980
B`zy>M9vRp 3985
7[W5t32z5? 3986
iYft|w\Sa8 3989
}>fqcVn?]i 3990
`P;0Qrwn:8 3993
EOEq8j[U 4000
{E;@624ISP 4005
v`FO;T7v7m 4005
sZ:y<lP6]< 4006
h6Y0cBEe`D 4006
S;dT1{L4k 4008
D|oU{=KCaf 4009
h1h3j>wb[8 4015
dRDEFeBJ]I 4016
a<w6<fR5i9 4016
d2zmbSz9E 4016
f}n>kZL9MP 4018
A:vvsXQav5 4020
TZ|P5XaG? 4022
^9e6RW3VCQ 4022
2?tqJFm}R 4023
hn[<2`dftw 4023
|OuSbs2ZVG 4024
Xg<3wTCO{z 4027
rqKRAf?@?I 4028
myo_xR:wew 4030
Jdi>xzp^6~ 4030
I^aFm@iODA 4031
wP5epS}Gr 4034
qyVq}]W>DY 4034
7lDnLwAKwm 4045
{PqyHdNdX 4046
Zdd7dt^=Eu 4049
kKw0c0?mWf 4051
aG~}PhqyAg 4051
PL59vQ?RR 4059
ER>Ov:u[fs 4060
dm53|unDeB 4061
z<33G^U;>0 4063
3[zc]:53~c 4066
H8Yw9hXA}8 4077
2Jkma]7IS7 4078
u9]q:p1hp 4082
2LyvQgNzxA 4085
aj[H57ugAf 4087
5hhM^vzH\F 4088
g5e9=jHAF5 4091
[@ZJ3JvU<S 4092
eTgg~h7=D 4092
VPVl5vHk=H 4092
A|`]7|Vr?U 4093
UAKJ^KQ;:7 4093
u@Fc}Tc>6u 4093
x]aV@JlLXd 4097
Q~>eB7auci 4099
ln`0|A_pAh 4101
QiC:4EP}b\ 4110
;vHS2pZ3}B 4114
\~RlE1o_^ 4120
sAou54}51G 4124
[l@ys@ETeb 4125
pyGrPIIICi 4126
Gw\MJHzD} 4130
@MyK;EkDC{ 4131
tOpof>waqC 4134
:wM8TKi9== 4143
x5OS7RHhvz 4145
coATk:<4e1 4147
7~<fVUtc^~ 4149
Q~OS^KELt 4150
[yxk6=@O6u 4151
~BIqU7:xWQ 4152
dkfCu\IJx0 4153
0Tb2py[h|s 4154
}Uag:\;I9 4157
IV}[NxcQA9 4162
GD7NI6l03} 4167
^FZ?Sf\Ha^ 4171
]}WbnF=<L| 4171
M1t^OCU;]B 4172
5fiVaj:XBw 4172
pU[pJA0T9< 4173
Zypq8e5CT 4176
B=;39<}Frk 4177
D~[xjYBdAY 4179
;Ej\T]e?z; 4179
@\X7_}Om`2 4182
bQOg3A@svG 4183
_ah=dSB=>7 4191
s>=Na]tkP0 4192
?a57Wv~jW 4193
C8J{p^J>s2 4194
6Jo}u]HszE 4195
r\;lnbHXRi 4195
ZxaAff|PT_ 4196
j^xTO9URfl 4200
J{~TF02Xp? 4200
{j>{y?mDFR 4201
KtVv;rN:Qf 4201
wix6]_`UB5 4203
yTn@||uHi0 4204
VROjsclrX> 4207
aPbd;a`6^ 4208
0v>Ojin>lu 4211
z]\laJeqe^ 4213
XJ0pp~]`NT 4213
Axsj\rsHkX 4215
hVrZN=dLai 4215
YQTnf<c8Z 4217
GdWiUEmx`@ 4217
m{b]GC]{4j 4220
GKfk4aIFTv 4220
BChSsr=[9i 4221
}n[4kd3_3J 4223
498It?`\wK 4223
gR:UvhKq1F 4224
s{XNKXLaE6 4226
@8KuYjhdJb 4227
wFj_60PY<t 4234
2k1:@u7W=\ 4238
ZVkv=P~6}0 4239
SeNkXN_lXJ 4242
Go1^TVbupg 4244
NkoT^x05W_ 4245
x\U__k72lJ 4246
A01^`bU2Jg 4248
1uWtcyzWy< 4249
|nN{]cHZ:B 4250
^imAiR7:YW 4251
v?XqwCHO0K 4252
O6eI=ltPIP 4253
t9Tpdjl{n3 4258
B]CWf\WNYX 4262
_Ul9rQD=uJ 4262
dq\[KA6mVJ 4264
z?Gp4d`1J6 4268
vACx}XXRzq 4269
]QcyK9[AsA 4269
Z2f9j7]DNB 4270
7wqw_swEVd 4271
nsv\lr5ihR 4271
0rBHw4=E1 4274
p8[`zfR3y7 4274
2ViV32VI8m 4275
c3YEY1bifC 4275
HTb<{3^VSu 4279
66}whh\Hzm 4290
vih;fE<c2_ 4292
3N5G~T;;M0 4293
DI]{I3s~cR 4295
7Tbm=@Jvh` 4296
n=Cy`pCQj 4301
[=sos;k^8i 4302
28i91QvJj1 4303
r?7VvmNm|W 4307
]]583TRNl 4308
Dc{Twipnz9 4308
4zYpvSrs41 4310
XBx?tBqIoq 4311
G]KJRaOYoK 4311
zXJ9y]BT{~ 4315
V}KJUiazSq 4318
FBwi~nzhLT 4321
JHFTV^6Fsc 4324
pz97;mj@V~ 4326
GOrTFPw}Uy 4327
l:`A2:lIKc 4332
p\py^XFO8~ 4334
PNqg^tNQmi 4336
VXLEN0:bp 4337
bI<;mmkKr 4339
om3FGyHgM} 4341
{DlhMRk9i0 4344
4OSvBvs[]F 4345
yKWELX5i5W 4355
XM5qMTzOLH 4356
3Dv>A[q}oV 4356
gb?]:Ss8t 4360
FL6vNSln4F 4364
XTmo_rBJ12 4365
SP8>u@6:x~ 4365
NyUlCUAmny 4366
bMuz]kmEKU 4370
5h<?pE`{ER 4372
>FG:4vM]bg 4377
~7v|idja8} 4379
<x3s=7POv4 4381
Oi97UF~4A 4384
pM>|?V{lHa 4386
G<GMIBeEU^ 4386
gxg@E]u7Sa 4387
5^\|8OZhu 4387
ssgU}XFi[q 4396
xY~4h@drN} 4398
s|[x\}s9K{ 4402
V?}uzuYn^J 4404
toK<Vhy|Bd 4405
nAJ15WdWJy 4405
;<lPJ18]^ 4406
wkaPFqdI6c 4408
=TDc>Mu8hT 4410
2zjLgw_O_P 4416
>B:hVfo4}h 4419
yUYmkWon>\ 4420
M_MK9dYIy 4424
{qBQs^x;xT 4424
^1vlQ7~L\W 4425
61t9[be=r5 4426
7bY7trA908 4429
e1\W>FhTnr 4440
dwU3@OWVor 4443
\QC|km3a? 4444
~~yh5j@Yos 4446
:9\]ftXIy1 4447
GxzQX{Fb2 4448
;c{26v1Dh 4448
5w~]0gNI7L 4452
GYwXY]nz> 4453
Y4QA1sxeAu 4454
9>IX]X^Njz 4459
iPVS0a[XZ2 4463
yFmvOVHRNK 4465
|KUQdTTy2` 4466
`QB;Scoh<2 4469
t`p1zc^5Q 4469
d=[?J=w5AD 4471
q<TdPrz\Ha 4477
X[@CdRS]}K 4477
wSmki8E582 4478
PW|:[O=JeW 4480
}qp7qd9EYV 4484
mgoY:o`pGi 4485
7vUW5CVY]l 4485
[;`>WXizVU 4492
V7gouAt;T~ 4494
R<=QMMNbfo 4496
\yw2PaOGyV 4500
I>w~E8w<;i 4503
Vr1Y<~cs[u 4504
V8=<dC6[2| 4508
Bx9shI]j8M 4512
F@u5c?CaKr 4515
5Z~3cS@^^E 4518
kEsd4[yVJB 4520
E<[CaaKk6g 4523
2@y\h>7B32 4523
:0}prKmLg 4526
3Ra2Yfp]l1 4528
_T5pC<zU}5 4531
LWlPlrJo8 4532
3@qilEMI>] 4532
U;ZWphNm<{ 4533
]HfCtTEoYE 4533
kEvD?:yK0x 4542
NceU\U9o~p 4544
eMEyaRn2;u 4545
1w^9J^nirT 4548
2Kv2SUw_:W 4549
nl{~]7HkKJ 4550
NpGZ~KuhM@ 4552
cWVF{YOPGn 4555
BIepyR~DUk 4563
X_h_;OHV9B 4565
QQz3}S:gL 4566
EX<J8xhPSb 4567
{Z5]?E68}Z 4568
9ZreI@:kXp 4572
VU_fe|@fyX 4578
{0=7s_=ruN 4579
xD~J<Zev{g 4591
=eeOm^\}rQ 4593
G9<;K|i\f\ 4598
G1Nddj_F`e 4598
`Lws{HeN3w 4600
X8BV{3UEfE 4605
DH[gPA~=Dr 4607
OYY4MSW_=? 4609
jKeLgk:_>0 4609
L{I]WkW^lJ 4621
HJoAxa_A[@ 4626
gWkut3[b?> 4632
lLE2H6duV 4633
fG0|Tm`=S 4637
h4qXk2Wyh{ 4637
ZHd<\_>qR 4638
g72A=eGffL 4639
c[5|}u_O2l 4644
?mil]T;>M\ 4644
mM5cd}7n6Q 4645
V{fuC[bkqL 4646
]~mgWEYF1F 4648
>s~lxIu^3 4651
Jm_@6Ge]?6 4656
mAwqsgUb_b 4659
b|xE9[{3fi 4661
YBO3yQTC`P 4664
eX<:jSh6Ut 4669
^?h5>LeY7> 4669
[GjDk12xT^ 4672
NqwYcJVNv@ 4673
4EcPv:AEG; 4674
DQZ<mZ4n>D 4674
sYN3OBAg4[ 4675
wz`uwskar\ 4680
L|Monxw]6} 4683
qzp3lnMkL= 4686
GiGxDTERJc 4693
w9SxqDmA[p 4695
aoT?LR7qN1 4697
[zU3igozCH 4697
qkRrH6qhDA 4698
rnwtf~jAc= 4698
<a3uzqxX}7 4701
WVbSIx|bIM 4702
92D};kti4m 4703
]6u~8U{sYO 4703
4X@irfJ6~1 4703
xVw9^:}:4V 4704
S\Uuzp1Q[T 4705
QHU23>bbi1 4708
~=49PMu<=N 4712
`~[3c=Wk8h 4712
Lc6O|aGPBC 4714
LWWFL2Zlg 4714
ypc=Gv89a_ 4715
w<__?@O\=D 4717
kOrCiE>Y^A 4718
3;gyr|ue] 4720
C~^zmKPDy 4720
}C9ARExpUS 4726
JRn:jwM~X< 4730
3c\sh@KH6V 4731
^wk|Bp[p86 4734
G>]S1;07Qa 4735
elzwmG|Dnp 4737
6i@?g|JqL@ 4738
4u[7Dz<zth 4744
BYmm{vEAMN 4744
Sz@aj6JP?Z 4745
Om|DE=3r:N 4745
rK{a19Fi8z 4746
:gePvTBUT] 4746
9[y0MwRDLM 4759
2acGV=`Mb^ 4762
tT4t?Dt8v` 4765
^m9[]K^Teq 4767
N@zcM{d7ja 4769
X>o]EwFqc 4772
z[3nsJEIer 4777
94L6FcgAB0 4779
R~lI?p`X~X 4783
PlTmDaB;RY 4788
c@0WVltd=` 4788
|k`ixoN;x7 4788
<K;4E?pO?m 4788
~1_9V=:kkC 4791
viZZg~byOL 4791
7dm`nFe>j@ 4792
BYOAA}d4ZU 4801
[}7d_N40{i 4803
f[eypmY1Mr 4804
MFV|Y<Pro< 4805
|7Bqhttk}B 4806
sa?Z{;2iJV 4806
q{X[tKn^A 4808
Qy9qFyP\t5 4809
T]]TGW@9W[ 4814
X3|5`VV2F\ 4816
POrF7Ol7yB 4818
vkOyydv}JG 4818
GUaUlR```f 4822
6Np=8Yg4sY 4827
2eYboKb?kw 4832
x5?xX@kl~i 4833
poG\~DrFgq 4833
R5Q>Fw2{W` 4834
?^88P~6Db{ 4839
0bClCM2;3V 4840
Q|9<[55O7_ 4845
L3JR8=29d4 4845
w?rFY]}\q 4846
cjEMw~gy2y 4848
agOop5jhqP 4849
]~bkev>V{o 4857
FwD=;LFdaC 4858
@]5PxFXe3k 4859
ka\OXVp6gi 4860
{ZnGUC<fZ= 4862
]MCosOHoA| 4863
a:n@Y0}yTi 4870
o8r:z94vKr 4871
gG9UyaUynj 4875
F3g}YYbQZr 4877
3R}}H;c5h 4877
`8z6jPcF>V 4878
f65RE~K|^5 4878
khFu2JvgVn 4879
H7g>5oG?a= 4879
z^uEJz9bi 4885
01kA@:;<|A 4892
AH}W8nz>S 4892
`rvy0;1Sp 4896
grHaql6VR; 4896
v>J|49MLS 4899
|WH{k_MKR0 4903
JZErMclNfX 4906
lw7Gei}sMn 4909
M3NiLs=rWg 4912
Ykl:M?h;D 4915
=x3b>ZD^[ 4924
SC=tonsTF[ 4926
5qr7cl{V}H 4928
fhs|oVa{Xz 4929
\u`Pkjt;Bg 4933
IRY28g`SWT 4934
[\`Yrcs}rm 4935
NZ8E;g`LiE 4935
a7Eh]GVgrZ 4936
pBlN<pWBb 4937
Mhy<g5fMqe 4940
?NRXMh5n5 4940
~;XPA7UqRz 4945
@~A3KcWhJ 4946
vuS]SbHBAs 4946
S`exSN|`jC 4950
BGdcQNq{n 4950
GBwjB<gUkS 4951
=Upg<psFXa 4952
ly@^EAhjom 4954
Nugq9>\6[f 4963
l5q0_R@;R 4964
iBPLz7UP\7 4971
4wUxT^viV0 4973
MR{LUcF?4Z 4973
vbMrOqy1Wx 4978
ZN}5{2ceM< 4981
}C8i:68W 4981
o}4Lin[wkP 4983
Lja\wXo2_Z 4984
:~9sjJx<Gb 4986
d9MGd5TA~s 4987
Lw3EmkiD[c 4991
Qc>b\X;acE 4991
>@=VGYQ8Gc 4991
xRLA?YGvmE 4994
;Z<_BVixZ1 4997
lsN?v;i1mH 4997
V~FG8Vi0k< 5012
pqN_G0H?pi 5012
rt=eBNlEW 5017
=[U[MBl:xO 5017
?LdL>C0;;V 5018
Bf`d;VVW] 5027
jDDRA?x?\F 5029
0{NldOaHH8 5030
cO[{;Qg?x] 5030
:264e?6D7> 5031
xASx3tGc|R 5036
Ajjmt1pgMo 5039
QJKYi8Wt1t 5040
{AywGsI`r: 5042
XH~eYkTOe 5043
M?0jgHuFf 5053
sRESPHui6 5054
K6DZ}^APsS 5055
FWB]9l@28n 5060
{REpB=6hM5 5062
NqP_BN}r8A 5063
Qh8s_K8X43 5064
ha?U8BZ[~? 5068
gZFzR`z|z= 5068
7O<Ad|8U{X 5073
gFdz@B@bha 5074
5?_]9cVdfx 5079
?i4hEw77CE 5081
7BjF\\jxNC 5090
Vi^nC?{H2l 5091
2j{^|:md?_ 5094
qOp<L^m1KN 5096
=|4f5jbu8n 5104
=L9U@>kVoV 5105
^]t6VyFvyM 5106
yT}p_r?=sU 5107
GBz[45ehHE 5111
UyqB\jR1R] 5112
HEjQX`w<vo 5113
r~k6Y|?KD 5114
wZ|ehDAr0z 5114
TQ<7FV<iu< 5119
BZC_BSBb\u 5123
UxU1NK`QLj 5129
?wg@0acm~X 5132
>8Q~``0~I[ 5133
]nr6=DV>Ph 5136
=\Zm^DClnB 5141
}pOUZrYwxN 5143
b_s\67:Vsa 5144
L]8VAsI[R 5144
AI6@}\G20e 5144
vFWf1nos14 5146
_>RjiUMC=a 5155
Pi=avrRBoh 5155
e3dHO^0EyA 5157
m1};l<`H@a 5157
>`NsG}yJhJ 5157
SWG[^P4h} 5163
bzRYECsM6B 5171
=5^\krQH|g 5171
PN3a>|L4T{ 5175
^@d052G95q 5176
e_4Bl{qWbp 5177
u3;3}UEHP 5190
SC}pgBKIb7 5193
0ud2dhYV>c 5196
hCOmLf@rU^ 5196
;bnkCHH4Ma 5201
`I\O;[X7q0 5201
2x=0{InUpa 5201
bftammbM3Q 5204
|Kv_{Hgdi 5205
=j08bo7;oD 5206
gfMHDra0fZ 5206
^fWsNDi0y1 5209
XUiB0Q5z|w 5210
BN{m}k?0Yo 5212
k9AhJxJI]A 5213
iqRuLe<Cw 5215
4f0F@c{:V: 5217
3pxbMLb{aO 5217
NQeQ3NS|m 5217
;Beb_kXjC 5229
TEUxS3_ktm 5231
tP6n7ge8T3 5232
K`m7ffDOaL 5234
lB\>HBO}sA 5237
?x9EL>uvte 5238
k~T_[yYWSD 5239
>ChzztT?JA 5241
9]bMXBy?St 5242
avRO2ZEOSx 5244
il^dM3QZi` 5246
LCaKhqo<rg 5248
7c<7M6y}vq 5250
`mqs;gAE~o 5251
\=URLl2vlO 5251
]yI3}Jwm3y 5253
niZqWf|bNn 5253
f\5U78^de5 5253
4Fzm?rOn9 5258
cPxeN?s{9^ 5259
e0p9Jr2\>X 5260
H~PEe0EU]U 5260
v^E~yqSrB 5261
2h<=Xt;@d? 5261
0q5Xxc;K8T 5263
}UKIIBO:^c 5268
k7}8xCK1zy 5270
i{S^RmQVMh 5272
gV`:v]:87; 5273
Z<|MnQU6U} 5274
mz:J?_h@Ji 5276
e=GW`\chY6 5279
94EW:weeMI 5280
U=k9=_BZP0 5281
PQK?>OAIM6 5284
g7OBrY|goy 5285
{xn8o1Zks 5286
V}V]ha6_Q 5290
:zVqIj`TYQ 5292
Wp>GoqkD\B 5293
;LXPSu`1_| 5294
Mjvn]`I|If 5294
8Yuu_zFBKU 5295
cNq_i1L~Ke 5296
@`zzhrU1_} 5298
UYy|yyRMYh 5299
e~}WsIn<[3 5300
a<uWG\;ZvL 5304
j1v1\=RS 5306
\x\|QOG:e7 5307
Mh6^iK6TNn 5308
3PaUqfAqO6 5311
[47k`F}S;Q 5312
fds8k3GEZI 5314
DPnh~6S=N 5316
TdiCHeEnw` 5317
fqD}Nic|q 5320
FVOyXpdD<5 5325
[g6j?NuZx4 5325
Vib9DGVquM 5326
\Q@2[7OLEv 5327
ECM:}yam|c 5330
R4rff]DQqk 5331
pGYUS|Zzg; 5333
g@|~Nrp;|X 5335
]SnLQ;skro 5338
Y|@XMbW1Yt 5338
y{nZkdf1jS 5339
uTFVhX8soS 5341
1nkUUmo5In 5341
S>pqqI_f6] 5343
`odzM[Oos 5344
yjomOmNYU 5344
GE}?UP^j]^ 5347
L@SnxXft4l 5350
Kp_XL`xr1v 5351
:}Jot;^\g~ 5351
wv|2iNP5Oq 5354
lxWEc|MeJi 5355
H?:yX:\[0t 5357
}:Yh7SFoio 5360
NE;umU[3Q` 5360
{46JDVJo6 5361
0RCGZ>;8;C 5366
<o\as@LrO 5366
25x;z7_qdm 5366
5b2?eW8xC 5367
o9:gnFosl> 5377
VBy`[jJ7r 5380
zj\d10b@?} 5381
MtN6y\]{Q0 5382
H;AzeR\Vtb 5383
Bqg40p>nf~ 5384
mA4jwyo?8 5385
wC<C6d]teP 5385
iCcAvWqY2S 5385
96vrV]DJ9] 5388
=m~<zfcAhj 5391
Ciaue066l 5393
kauZoNMFK^ 5394
X=EvO\\iJ< 5395
T7A3IoEi0 5396
|r>[Y=XnWj 5396
1ses6eEpk 5397
VIe]\cS|RS 5399
Nx:R06fEv 5402
4u4WgXQqLX 5403
jsyJGpe2i 5404
Hwj}xz0v2R 5409
w1k0^DKkZ= 5411
mqaknK^2Pt 5422
HOSDn]t3^w 5423
qK[5SQN\eU 5424
QeA3_9h\~M 5424
|40y}?oB4B 5426
`O?qo\8wb| 5431
IFns4=a9rx 5432
UvQWa}qML^ 5432
{`F^TLyhM 5435
_@]Q`6<@np 5437
6}?Ar7rtz6 5438
`ARDIy9<=K 5439
|H\TfYE^9Q 5439
A?@XsGWF[ 5440
iH1l`uJl9d 5441
;;hRPK@V@t 5441
OR[eJOhVU; 5441
]y0b]3{Y1z 5442
2Lfct|g@cL 5443
_7\8Wie{kS 5447
Zr}<vso;J> 5449
3CNJv>;2xP 5450
XtEJVa1Vhy 5454
{tfuv^hDQ 5458
U`_@p<|cG] 5459
Cg48zEknH7 5461
mmk?asjTG7 5463
{PlQdWERhN 5467
[AGQ=vP04 5467
Fgs|}hL7uX 5467
WfGl3W~pdd 5468
e?m2[s=sBZ 5469
Ex9qTk5B6 5472
J?EH9BV:Sc 5479
{2{2YoF@d 5482
ybf@cMtQ;U 5493
Z[fKtGH=iz 5495
2Qzd;SyuF5 5496
EiAIf=J<F~ 5499
:CtylyFX:L 5505
70q=FyB?M^ 5505
NI2YAGq`KH 5506
<JK=<13{kq 5510
Fz>@ufs4s{ 5512
pYDl6iWvKO 5512
RU3x6WcN]: 5519
?uZ4;MV@mw 5519
JDjM{v@loP 5525
5ZOiW=pD`U 5526
pgsbMX>?jW 5526
suoL_{x5j 5531
BYdllNpsSt 5536
FS^OtU3R53 5539
m?GgICRNmM 5539
:LsL>QE@NY 5541
P@\]x8oAZ 5545
7Ms7~AHf7? 5548
{aLnifeqKH 5552
ZUql:99Rn_ 5554
aEEVDkdb3< 5555
lh8@uSc1VU 5558
7q?tG6Amd2 5561
W>zD<rA[;i 5562
|{d5gcSed5 5562
<GG3Xlq`8p 5565
dUqeCpITmi 5568
CxBRPm1MS1 5571
PXnfz4oL] 5580
21rvTKdiHm 5582
T?C4FbzZdO 5583
;scZ`u;7~[ 5583
[J<ZLblJg? 5586
\RI:Q;Vsr| 5586
r6ooqcM]BL 5587
EX9~EXd{2_ 5589
n4bB@l]Lyb 5592
N6lrup_>]H 5593
Hyi@A2bG?2 5598
E@QQ4xkh^8 5601
FEcHIL_{\} 5603
Ly\W{8uUZx 5607
DesY|lsR0 5607
{k413e;VL 5607
]HDO?GDW: 5610
Wps\dhIM` 5611
txq=084l: 5616
9L[[`?OosW 5619
gJWYJsWrmk 5627
Rz_DjM}0sL 5633
X3;Z~^V:q0 5633
CJRK\{Zi;4 5633
F[FYyn2;yR 5634
mO=S=o_4<Y 5635
<X@mdo5~8x 5636
2g1puAPi] 5640
N<rp@r]F}? 5640
5eDnD<Y0ty 5643
PTLYqRb}ju 5643
uT?1Fjj6S 5644
BY8\Yz?uq 5646
0zG1rJ4E~ 5647
zQ@upj[@Pn 5650
wX6w3k{wsU 5657
z30|eV1Qpv 5658
`5wM^bK[=3 5661
y~3mQGrm[i 5662
wiPfVEho>t 5671
Cw7z0K}7g] 5677
7MEcoe2tb> 5680
N0HMNd~]Q5 5684
2vNX<85Vyz 5689
8gs>9Qpgz] 5690
N0WOmxl3p8 5691
CD2>F~jV[R 5691
B_|kH22m_b 5694
2478?=fT7 5695
CT>\T8hn5` 5696
2F6LwX:[mH 5696
Gk[|xVYh04 5699
3Mo_neIdKx 5709
J^FjyXsmP= 5709
T_<iD?WBWt 5712
iIZs9;OyA8 5715
^rhM]GtU:^ 5718
2Ydtif96HT 5723
6[y6DURPxN 5724
7nucmFnN7u 5725
dq;=lyPw`z 5725
_jjso;V0OV 5729
MKKu\{QmU} 5731
JZ:RJL[IRb 5733
06lONG?BdF 5734
1JSvamT<PB 5735
clR4LTY:bU 5735
{lk2oqX?CF 5738
iZ[FrIoSRl 5739
_:hh4<lh;R 5741
|epR{oG{]q 5741
W9IyPqaZ?u 5741
Pyl}`Z}cCH 5745
_RYyZO[c]M 5753
z7SBEPQv9 5755
Yl@ue>lAoR 5762
4{j@f1f6Vv 5762
paag;G~^== 5763
K]2X^?dZRa 5769
;rGNpKE>eg 5778
S\J<J}RMx 5778
L>xOe4@@m4 5780
r`k]qx5h`M 5781
xB43=pgI<u 5782
XRjl`_@;D2 5782
K`|nJ<5`}J 5785
bz:UmQ:|?= 5788
xg{BD6u~;k 5793
7][2tdRxuZ 5794
iC<rIJHylg 5794
w{sin_@iY2 5796
DbuBtW3DxS 5799
yRCVbnU@E 5799
T{_57}0m0O 5805
}WPK_pt1HC 5805
[45N2JPX?J 5810
hBdxwPHB~> 5810
}[yHdxR47W 5812
HZ38]r76P7 5817
S`sQQNmY3U 5817
\QVb<;T69r 5819
=KIoHj|kLc 5828
ewDh\B|caG 5833
:bIRW:yh|M 5836
hVP~|[odm` 5836
90m7^TzD:n 5837
l~GR~>=luW 5838
cbowN32Y<V 5840
Ed>V5ppDH 5840
Cw=rZOQ2@U 5843
h>ePewKtr1 5848
Pu2e6Vs9dh 5848
pnYgQqg~7Y 5851
5Og9Q42B|p 5872
JB?gf:?@\N 5876
u2Np1s<:rS 5876
[rVI5<qCLj 5877
E`?=EU`Pa[ 5878
8OjauP_=WH 5878
Nf_k59LUHB 5881
jVew6MenG 5881
Ch`c[v4a4] 5882
PZhkfAoeRU 5886
htaxvs:o;h 5887
~8is_Hb6]\ 5891
4a1dd9;R1< 5894
O~~tNI7A 5897
^mVKw=l9y5 5897
:|Nl]8hih 5897
Epd_l|o_= 5899
JRqkUFLJ4b 5901
gLsB\i~65 5905
6apW8JWpAW 5905
cRA|dLrt93 5908
@Gw[NKQBFp 5911
wIT:`4bK} 5913
clGaG^ofru 5914
R:G3yJhnz 5915
a?UXnvt6Cv 5915
hp3UY|^:nt 5918
DFcMZuG{Km 5921
RPLNJ[qJCK 5924
jJJdK7{LKb 5924
U}{N[qEko8 5924
ZnCR9ePq;a 5926
s;6KGAEo; 5928
9rVNtts}mh 5930
t9f_s4COR 5932
:>JvIbNmH> 5939
[Vspv\m_;y 5940
k>LmH8v\}C 5943
H9Ekg`F;Fs 5943
R5|@Aa?_5M 5948
QfL_@gv{gE 5949
=6`sO;;<Ml 5950
HqC<Dms^eB 5953
WEQLmpc2V6 5957
olg6xFg~s> 5958
@D[~A0A[Qd 5958
`0FZFfu3M5 5960
nx_>r\ONV; 5961
[|QK:smqrA 5962
l]rAQIizU6 5969
lB7hOjIV3f 5970
Zj1z1p}lap 5971
[m7cBf=oX> 5974
TIA`rKe{Fw 5974
pzjS;HbK>Z 5974
e3ZRex?cL0 5977
1mI{xWsuv; 5980
D]lUe{KFy> 5982
~ipg;u`LmH 5985
x<90aLGs:E 5989
iDB7MqDw9d 5999
Hbvgcc`?9Y 6003
lB[rkK4Ki< 6007
BowdN|Y^aE 6008
Dyq]sP1Acg 6008
x{u6oCVd6a 6011
kNr^7XJHTD 6014
Tt]r{hcwEK 6014
J:uY}c7niR 6017
ey:K~fG_] 6018
uv_j]_[JC{ 6018
5HwUVat^wE 6019
oiAs\Ol1U\ 6019
PkSKay]>fw 6023
84N`<rbXVM 6023
5X^qbRoEf3 6024
\z<[vwu?R} 6025
6]{30h|D>Y 6031
BCr^`4ajmU 6033
\G^ti`B^L 6034
1BMMP`~uwm 6035
3zrt1qk^AG 6035
J8aBUWne~_ 6037
8=iksj0rst 6037
p6i<TX>f<L 6039
6kP{7@je:3 6043
py`p^N^VvR 6044
QBhNJU^> 6045
1xHabOG\|} 6051
4vy<>s3{dV 6052
}Hd~`F:1G{ 6056
S2<\N6BPaJ 6056
@{yr<XHvh| 6060
2KkR3ny9DA 6062
Hw@TsztEi\ 6065
StHDuoYhP4 6066
V_U[:PDrI\ 6066
DB95e|>nr0 6072
TLIg3T6Mb 6074
g9{?<<z5~3 6075
S8xB2^Yr6X 6079
PIWa5l}KvP 6082
SL\aO3}oFM 6084
6J4vn`Eyl 6089
g<Rdub:m|2 6090
L3bCM7zBUR 6091
]RpJ^xfx@ 6095
;AlMfRtZe 6098
q8G=q=Bbz^ 6101
7[ZI5GcUO 6101
gp9xQc|qnj 6102
yc=uNgn`u 6103
l`~Ugr~?r0 6105
6Ux|Q^`t;u 6107
ygzfc8A6z7 6107
Jy7~7q6N9D 6108
Z[Q\J4f`b_ 6109
[9Mdwzkbm5 6121
1F^0QdP=?t 6122
e7:HK65Lj@ 6124
\;wd<rwTXs 6130
mr0UzpKVf] 6134
:kPs>2aapu 6138
VHImdtHf0d 6139
u=RLts0mni 6141
O^e5S6ff|a 6141
ji8|=sHFE5 6143
PIh`@uhk:S 6144
pngVSvuFJO 6145
Y;w=wqF?Wn 6148
bXXCk~bJ;~ 6148
xvLlpz]4xz 6148
RATGi]]K[ 6149
vOVlsyyVWd 6156
TT]=B@sNAH 6164
JLEN{iap6P 6166
60t;XH2PLX 6170
uUuCk[>`7R 6171
PfwoXwKc_6 6180
8>{V}taLR? 6181
TFyErYxLQ 6182
ZTnpoqV{O? 6183
tu_D\Wd{D 6184
CxJ@o:Ju_ 6186
mxj?iqJ7ca 6187
M1g`E<p[Rt 6188
tLyAhS1ub> 6191
IWG_;Ra]A6 6196
wOFyUQ<9;6 6198
>B>u4CcEo2 6198
B\eineL~< 6198
p?d4KSA1fE 6199
OZlpo@j@A= 6201
IgSVpsRmq> 6202
a4w9aV}Ud| 6204
Q{l]G~\FrF 6206
MW{Q@YsGQf 6206
8jLH8_13Ut 6209
MozdgbEfXf 6211
9@NThkwWwn 6213
XDRB|zSi@U 6215
Ww:N]sWnpW 6216
L7TwISLe}i 6217
x8_[P87Bqc 6218
K023xK6XWq 6219
F9BnLbaYW 6220
6j;cgynVO5 6222
_I<A\i[5^ 6226
shxlKTvb6p 6226
f<}[4wwIE2 6229
Q:WEG0Pc|\ 6229
JXNV0nDU;n 6230
GUzy7`F:OB 6234
FhMlWQ2TEi 6234
jc726IZ?C 6235
ZafYy[U7Wy 6236
yOf|IxX;wz 6237
EeYKS1H>x? 6239
}[22{@HA\g 6240
K\b1`OX=S` 6242
WHI=dtcF>d 6247
T]q3{SY]Az 6248
D?>Q3W29hl 6251
m5ghEHB3ny 6254
w|TabfaPuH 6256
I_O:83iaT 6257
CIKAAAHA1l 6258
16?KX|UdBn 6263
vL;?xfraBG 6265
z|cp|l>QXN 6266
4W2aVVx3UR 6268
TOC:j@VKah 6268
:Cjf~WR5T6 6268
si22qfi[Q 6268
0RMCn63yv0 6270
Nn5E@Qd:Fj 6272
Z=hocT\u^I 6273
Bwcozm2sB9 6275
xKi=TkCVQs 6280
K6ubE2lp?9 6292
bB_>R7oVj 6293
djD?5YQqtj 6294
iU?SW?zqvp 6298
AfH`iwMf8u 6301
4v?RC~LDUt 6302
?<Llc:OU7? 6302
~6_|;_v;As 6303
vHN46>UYy2 6303
EJl_whad?> 6305
dV~ewQ2;FS 6306
oadl?{4Kl6 6307
CwOTaA1ibE 6308
f\L@\f=b5F 6312
uZcKKAGP_c 6312
7][nyPoO3S 6315
jVi|NEWg5x 6320
jAmzqeXrCa 6321
4wLrJTPAy_ 6326
7^X`z?^AA^ 6327
MGk~hQEG1T 6330
{Rbdpv?[Aa 6330
sv\_G^ib1w 6331
3Ea6o0^oKW 6338
Czkdr3YI<f 6345
<0|44iY^ES 6349
M|7ADZc2mQ 6351
FUDJL3Av}V 6351
rp@wKNESIB 6352
qdYhBJZr{1 6352
PIJ]y<VH24 6354
8nO_hV]4ys 6359
EibqeXJQ:0 6360
lb7jgGZyN9 6363
{<n1Cy2F`q 6367
n3cZuy^ihZ 6368
6x[3w7ec\A 6380
6WQ@iG:AV[ 6381
4^YWP9Sxt~ 6382
TW{Xpw<;6b 6384
?gZh}>d\;0 6384
jOliQ23fs7 6384
5Dca:VI=tt 6386
M;8hS<p[0i 6391
aCHh[Y>\mr 6392
~Ybamj\gh` 6394
]t5CPCT_1h 6395
LL{D8SX@DN 6397
b<ybV^w0J{ 6399
qBPn}89SLt 6401
7g<AVm{Q_n 6405
oVbFLYMDt[ 6406
KV4b[>>DzM 6407
f5Ir>;Uswv 6417
Oh>PK<k^Kq 6423
n>rwKTkfkX 6425
aoA6IPewXo 6427
8:[6nqJ]{{ 6429
^{khTc:Y] 6433
Mwz`y_Fv} 6433
dxLUSn?Ol7 6438
KWNi]VKO 6443
cCzTV@QEN 6444
kWO8GAu<>< 6450
UVf3[:j8^o 6450
Az6VGLJXn] 6454
6PUa>G0KBA 6457
jT~R_n10[w 6469
SMlbyyy8a 6470
A_Q]}nCNJS 6471
Nrki;[9L>W 6472
?7Q:2IYm74 6473
_}K9>I6i^C 6476
YOa6cteUIz 6477
`AERWfu8NN 6481
yY3:;<>A?Z 6487
c?bZrpFg[5 6488
x^S=@sjx}1 6488
eaafZ>Zlq 6489
HBKso|dzxj 6491
CdqMzbB5}S 6492
J345Lj[|\0 6498
>h=4?CH^m8 6499
MTg?;|EpLQ 6504
]fbPEWB?sF 6504
i=cqY_lU`4 6507
[DFmTMxvzd 6508
OQh7Tuk;VV 6508
ez~<8YeT07 6509
X4gR}~8b58 6526
sn2kj]`vcr 6531
a|dVS0vn\l 6535
D?ad]6hCFK 6540
:]F@^s>]jU 6541
pMtDvAvdC 6543
:C4=lCDh[G 6547
u91goWsD\h 6547
H8b3qVLd]] 6548
:@ua_>>gFl 6548
Pw>HMoEJbX 6549
Ki\WRnYmUJ 6551
Bpq}bCh5J4 6558
Tz=M~DAqBQ 6558
ArkRnKF`<K 6562
Z7XGP2UB1y 6562
9zc>RhWNn} 6563
BCPN`ux?m_ 6564
}:vxDV^AH4 6565
JVr;iqNAht 6566
C57SRYbXZO 6568
e:gm;1K:52 6569
I8?MzQYAoH 6570
y=:\=yUWMV 6578
OEi=MuLr?D 6579
4F3L9N9;G4 6582
B|V;?]LRvy 6583
v84kC[]gPB 6585
hcBS<a:BNx 6585
X_qo=0HKJl 6586
CwDW|`H2l7 6587
r_{JgLa~E0 6592
X>{7{pR7;V 6593
]1M_]~Z\:J 6593
[=N{4S9Vyu 6599
f[9R}3Le?F 6599
ZYE=2P\585 6600
Dq};`fbj6L 6601
:hp1}M<kX> 6603
Be=of2<gT7 6603
?2@?>O`Hx 6605
2iri<3`b 6608
0\PMX2WsF 6610
J\=aJ9iwMo 6612
g0PmP:eqn3 6613
w^4slihhue 6619
qA2j1wpb3A 6620
k63Bae_Re 6626
XLpmMWCj65 6627
2s=]<l\^V7 6629
I\v|IsYoW8 6629
RkLzUpj6z` 6632
:Aj|NMMbZh 6636
Px@Zp?k5LB 6638
zv17CBy`jZ 6638
mRvwV24{IG 6639
z@YK9[Ls\] 6640
Q10]QWA3{t 6643
LCKA<IV}Kj 6644
F2lIWA}D\T 6646
W;mU7BZ>|V 6648
f;shASel>b 6652
}7u_O?s4Pi 6655
~[RVR:Yt0: 6659
[ePL\K2kMH 6662
yk|m@^R4Ko 6666
1V:FW\Q]Q 6668
umPzJvem>q 6673
\f}@qZ4qmG 6674
P\MFzyTB? 6679
0jI9=lWp_m 6683
o@GFP\rzrD 6685
hoe=06Vd;\ 6690
Uw8d{2BmK8 6690
IlpmsW03` 6692
YQOUSH1lb 6693
m?IHvEXUnE 6696
\FqLS8|GHE 6697
BJ?hgOc};M 6697
@9RC=54PiB 6699
=7~wR@g0J4 6700
v>soUR~wdI 6700
5Ra6xScjPR 6701
05xX23VhOb 6701
L?u7e^_u73 6705
\]hN}2\]J: 6706
we~e4O:AEw 6711
l:S<jvo}K\ 6712
3bu4WUn}s7 6712
WNjjYvX~F} 6713
|Nm?N]wS` 6717
C|a23OBOph 6719
K:xMdIeN[X 6719
qGwwQVeghH 6720
7Iz0{d3=[{ 6723
8rANL3\6RM 6726
LCJulg01UW 6731
00M7rsKFlF 6731
QMfm>2JUCO 6733
oMd2qKLUhn 6739
;XYRQ}TE=; 6740
=4tzL}i~BZ 6742
Mb=u7?oG^7 6753
xaX;0b:R~e 6756
ViE_2HHkZ@ 6756
sy:i;IOld~ 6756
aFp?Xa?Ac 6757
:1RC^t{MLz 6759
wk\A>Gl3D4 6759
U1lR8=m0k3 6760
8XZLvVLUBn 6764
bkYvVuGnc 6768
Gop9cWvqD3 6770
{4T7cLk3Gu 6770
r^V6r5D1j 6772
^WiS4ciBEF 6774
Nh:xQjp35G 6779
nJe6P`[9 6781
AH]GM:<^I\ 6782
^Y<SaTIyO` 6783
bzhhSpBYM| 6786
\jlE~oHqtt 6787
]cca;EktHL 6789
fByy632Mpn 6789
l8C7eZ2c@e 6790
d?qVOmE3U 6791
edjn8n?Iio 6795
@UT6B=bB\Q 6796
A5JqyuRB8 6797
7U||5@}@?N 6797
?=>=_Fu02D 6805
DrOKP7Oi7D 6806
;v;X|x>=ax 6812
2z\dHZ[WBt 6821
x=c}t>Dnm? 6824
nLM2XA3LGe 6827
tEG[z]9PBV 6829
9M69mRjY]c 6836
RqF`x<wNhN 6836
f]Wy5^c`|e 6838
|BGFX=o}[? 6840
g[v]GUquvc 6843
HF1btQkXiF 6845
aDKvsXN~1z 6852
do3BP4R[b\ 6854
NpX:6yJvt 6857
c_aOJmMrBK 6863
IrV=pK1IGu 6863
XvOJcA>fJQ 6867
<=[J2x=vBe 6870
`2@l[OCNYC 6877
5rOOV6FpC; 6879
:KjKh3ofC 6879
RMy5iSt3^h 6880
Nu{H:75n0W 6883
bof}6jjTm{ 6884
qQ6Jz2d2PX 6888
N9;bQs}Y}@ 6894
2dp_4Uyb~K 6895
3fAA6Q@YWI 6895
=nYY6DG[7o 6895
I8`0Z^YQj] 6900
Wfe8N<j?>u 6901
uYVn;P\h{g 6903
k1={L\tGER 6906
8bVgCuZmSg 6907
w|D{KP1Zv2 6907
lYbhjIO2k] 6917
GeK[tSmdqf 6922
5LU>{BOZOl 6926
hl;6cU?Cu 6927
yx36[~L^sP 6929
3I_\WTy9_a 6930
]UWnuf4XNA 6931
`bRwZY~GH 6934
Ft8V?gOxW4 6936
<GrT|bkOoj 6937
r[Ky>~Ic? 6944
_s}X}`qhf< 6945
b[?AI:JPRB 6949
wt<4TPOS{0 6953
_;c<?x3`1H 6956
NFsOcFZgAY 6957
H4|pAk4ry> 6960
9vJEpaZ}PM 6961
QBospMxV_` 6968
b=f|T1S_SJ 6971
8kt~k78E>U 6972
>fcvQGL=Lx 6972
{O<;G2ftQN 6975
FPAfn?Jnm= 6977
ykV\KW}kQM 6982
=_v|uG=Z9C 6983
O;=M?GIo7S 6985
gOXYkF[Ben 6986
[Gew5snkgg 6988
l<X~Bu>cmg 6990
M:|M1d=_9V 6992
_iRf}o[?J9 6994
Z];V]mc:oe 6997
d`mWbGp6h3 6998
nyIKdbf3pW 7000
JId1G>nt;a 7003
E@]vFCzz;a 7004
_t85[u@p3| 7006
ebL|4sz~T 7008
bjWHB}au9| 7009
~cgqC3_aQ 7012
`<Ui?oXgi2 7013
l]vGD3E7U; 7018
7b[[w=E~Lh 7018
v|V=wB~_4V 7018
hNB6x4nhkp 7019
H:H~y>=m3: 7020
4i3F<Dq^tt 7038
pQk\\J=Nkq 7041
pf@baG?~5Q 7041
9kfJW\ah{H 7042
cvUKHPUw7K 7043
T2cL^sw~t 7055
x3JKdHr<nJ 7060
__V7Sjz0D8 7060
^1WQuam:ly 7064
0Z6W8Yjn{O 7069
~Ss5uLnrR> 7072
nNz|W^p2a> 7075
v@N|y]=]DF 7081
5Z<JjzaBIh 7084
3sCzey_cfL 7085
|R{LGVy\[B 7085
i8vaI`3`V> 7085
Xf4unbz~22 7086
1Nc9Tatau? 7087
}=J:s\JRw] 7088
V}CH6|AtRM 7089
U\KJ]d[ytY 7091
S^EfuiMz=L 7093
X<2]yRCnpb 7094
}SZQGX:bpk 7097
gWAxeUMPdm 7097
j:>lU~bAE 7107
k{Ms0iUnV 7108
LT4xEaPb{Y 7108
8<V?MIEPh6 7108
@3VMRs?ujQ 7112
3VkE:~jSXx 7112
Tvw<\Ufc~g 7116
mqSZp^fuUS 7119
a8<n@zfmll 7120
}t4oi}OaWs 7121
<loGn?sTEt 7121
D\gtYr|T}T 7123
Yn_\bLZ0<~ 7124
I`bGOwSF65 7126
X4C:O^DG=y 7126
9o^aLN7:e\ 7127
Ak9T}0_4@; 7128
bM_24nlbj5 7129
^V:EBl=vq 7132
zl{@^uLnOe 7133
]R2<`{B6zy 7136
a>x{N>N=uz 7136
@8JNaoJkA 7136
UhKFQwDK6^ 7139
3r;1@pfU_W 7146
cd4Lu2~eZg 7147
S8bRC2MUd` 7148
nm?2|iU0Z9 7149
LpV_`r:>{I 7153
kDU^DkQzzh 7159
fNkE1K=MIR 7162
gqUZYr?Jgw 7163
;i5tZE[6<? 7164
2fs>y2?X;7 7165
`0nkrlRHbf 7173
hywI0y`dCY 7176
1VvBca5fB 7177
u:9=>KzmI8 7177
W]sOBSbXIJ 7181
_iKDZI:pve 7184
nlXBY?uLyb 7186
kkSn1H_m 7189
09`X30F=c_ 7191
f~saXA{o2< 7195
XZHtsz8@Oi 7197
:x>PQN2ZJD 7199
Cw6Gf9~aMD 7206
74ta\dWv]H 7206
i3>RC_Sslr 7207
xu8ULf=_Au 7208
mU34o0VOl0 7208
dce?Zrt}83 7209
DPEX>Y:4{ 7210
YN?=6L;bbj 7213
V3RgihK0Ys 7214
]qh{eC8XDr 7219
QLSVUiJmCM 7220
z`?O\G6p^u 7221
jUXSHpk2KV 7222
43FY~kT]nh 7222
[v5pIF@qOE 7225
x8dG}S0dVg 7227
q`}Sgv2SFS 7228
\efBzc4thK 7231
NBYGF`:<Lk 7232
q6o1Rt_eHi 7233
BCxTTbcR~s 7233
cl>ukrFYW} 7235
J5b4^jY_H} 7238
JxXI;wQVMK 7238
WV`Ar[~GG| 7242
XtB62pZ5k6 7245
wT1qE[=<4? 7248
K5c\qpOz]Q 7249
SZeyB:@[3B 7251
]V3Nx6gQ9} 7252
Rxg\0LI;MS 7253
\m`;`}I?kZ 7253
=@sU@`bLP~ 7254
2i0oyCc2uH 7255
vjksc\LTb6 7257
MFhYEP?6KP 7261
qsLQ4?~DRL 7263
ca^aaQ4JH 7266
S^2wsgNVt> 7267
_~fm2k4K>p 7273
v9ImgxGwn3 7274
v~079lK\FQ 7295
_~HWj|W>Qz 7298
Ru7\<Snl3w 7298
W63^OY11JL 7300
UrAL{8>lG1 7300
T?3JN46U0 7313
`^wS?bH{Kb 7313
UP`IM9yA_M 7315
rl@IU6Qid8 7317
|3]?:`4AT 7318
hJUP8`lVrM 7320
P7tx\PnNwS 7325
BH8U;<bK>d 7328
=\E]S7iW1M 7329
WAxBEnrwdg 7330
FL]d@kF96W 7331
p[MY4fO7Wp 7334
oDsEQPapf4 7335
uQd?sm4Qdm 7342
eJhV}U_\EH 7343
@RI?~ENQ7@ 7344
b\3UEa\d<8 7345
ehJQ:c@`\k 7346
eWH;fuokl{ 7348
BBLWB:[p1 7353
uN9y1q95vv 7353
hnmoJ^4U:T 7353
OF:<PcJyi< 7356
qjpSvreDt] 7360
;ah[gza{MC 7366
5KSzeDG;xh 7367
a>DrRuBxm6 7370
z=R5dd_?=n 7371
85Ia0F<B{H 7380
>7I~s220wC 7384
hJs7Ek7WmK 7387
wOM00^eHa 7388
[x^{0=\2w 7388
[>63aODHA} 7389
w~Xa7o:8xe 7390
Dh=SvAkpUu 7390
t4>>uWAtM3 7392
0NPch`AL5b 7392
4`w@NsYx>3 7398
On^Uf6Y9hR 7398
^PF5>Fc`SQ 7400
=tH<ymgL{P 7404
dUQt?f{[`U 7407
E=h~J1cRD 7411
^3aP{Oh89p 7412
Wp>Iq=^Eef 7412
8K6MabpV0] 7412
D\8Etgx=LD 7414
t}iUvLspG2 7415
>It?=74pw 7421
AdP<4_CU~i 7424
3n8}A~tjvo 7424
HH3RtoupaH 7427
8XntVYN>}] 7429
8hHBYGe~ZG 7431
{Lkd^6NRr? 7435
y7Sd4w>IQ 7437
WH7vPPx^r4 7437
:;x7~_X\:| 7441
[m{?T8rys? 7441
_@^KqUbG<G 7442
3zFO~piLD@ 7444
rS8t5F[=3t 7444
\DgY:8lQFR 7444
u4W?3rfA]g 7445
_8z33jG\BZ 7446
YseBHnHcfO 7448
FJg;=_<YO> 7449
y}GHr=v}ai 7451
L5sHpR@F: 7453
`PeN|OT0ca 7459
SJdZ:5Hx\E 7461
[MZMiPjMpm 7461
V~6=M9O0|\ 7464
p<4ymNeAs 7469
p{U>iuTh=B 7474
wc5@gooq; 7474
L1hybWXtO? 7476
zdhwmyv;X< 7479
;2hE99GTTZ 7480
3dMzQY3;h 7481
FI]IXs_`a2 7481
:8YP4\;|SA 7485
QA1~`r~OO 7485
9:ofX@kE1P 7486
nvTJBq<ww\ 7488
e5{8Zr;r|h 7492
fNgx@{Iv_F 7498
;iiZfAKosL 7501
dOc7^EMP4 7501
zR2Un;GpWZ 7506
?luf?@BjUf 7515
ykt5]I4E`1 7516
iCVZz]cb7h 7522
iwRI<ZQ^V< 7525
i;znpFgfh 7537
?6WC}?=fMk 7540
yPWLxmrJ5r 7541
]i>:1_T]Ah 7542
17A<TTj8rl 7545
<ALs|VSTd 7549
qPeFC}M^=B 7550
MnR:wC6^^r 7550
gkimL[?}5x 7551
iYGEnYeWi1 7558
IY_SPi]:Ws 7564
n4cLEGSYk@ 7566
<fT][B;}t5 7569
3<~`|2`F[> 7572
S1<T{Mco_q 7572
i@Z3v:p`Sw 7572
>~5bVYVCaV 7573
^zHwrv4BhU 7581
{;Qnc2KQ04 7582
e~6~g}n:]o 7582
`OlD[6Z1? 7585
e}9]|bmK6^ 7591
?:Q{^n=8X3 7591
DbTDi2xp8Z 7600
~JjtNYTqL9 7601
Gy?143_K=s 7612
4]>sqzVDMK 7613
hl}_9iVxaK 7615
:1ZV<Fi7i5 7616
SO1D;N@=iV 7620
4nAZcfx7CN 7622
fS7^b\8vN| 7623
Oo>Q5EiN3h 7625
TkqtCsuZ@I 7627
:kM{QifoYv 7629
lEoj{Xg=\\ 7636
vQs?IAMi:U 7637
_Smf0HYKC: 7640
|zDA3g4@IN 7641
aP3~csSDpF 7644
KH0WOoZp;2 7646
Db8YaO?}_Q 7647
sx6Sy~3`qk 7648
~Kx]6X1RyS 7658
as5Wbs>aaQ 7659
;ECAzM}\:j 7666
a;D06SKP{` 7667
Xgi]hIaf`5 7667
SK>;uC3VpP 7680
Yme3vn=|Fn 7683
qT\yQ3^9>} 7689
1ECMeG<?W3 7690
{Nt^xf2X0S 7694
u~?bUQfc25 7694
qK2XfA>Vlz 7695
c]mfekX|mc 7699
zLPz|q4R|A 7699
QEec_ss8Lu 7705
4Q`kWCI]Qn 7707
`mU\|4OK<8 7710
d\s4xpH\z4 7711
c}|qDBPR[^ 7711
dkUm5xz9J? 7716
N7dIAbUHDV 7717
^=[4xL0Nq` 7719
e4A\ckiX]C 7725
TXK|E>GjC` 7730
RaMX3dzj8X 7736
6lJ\W`\NR\ 7738
I_MRQn}foA 7739
oAi>HbwM\H 7743
YDVVXWMmEi 7745
1uzli^`1El 7745
kJ~QIsFPLx 7746
3Ei4qbh0n: 7748
8k;caUf]\D 7751
GND?B33D2} 7752
[5PlaNp=R 7758
oP7LExWTxn 7758
gGG^|gg7]3 7766
Rnoy\I2Mi4 7770
h;fTng]SN 7779
;d@}Wo:t43 7783
rddFgkVg4 7783
]sdVWjl<Th 7784
L<o7;=p=GR 7787
:yR81cf5Y 7787
vM1N2kK@VN 7787
5=\0[p;n2C 7794
7FG:\y4`XO 7794
[a1F19fu>h 7796
8VpZa<?\U^ 7798
drSf2;>y>} 7799
L|JycoLtT\ 7800
00iait:o@M 7803
Apg2_3h{29 7805
8tDFtr4PT 7806
j4F5z?u?qF 7809
qXdtX><|r^ 7809
ScF~t;pU?< 7810
}ENwG^EY5p 7810
OmZ:UHXiwK 7812
4EeTm<VM8 7813
uo?yvSyp`6 7814
W@W:d\y2\m 7816
0K:zyaz13M 7820
J0me]P9<;V 7827
YwP4ot]~cp 7831
\2qNG[L[| 7834
56iSoRldeV 7840
G2=KhyLPy8 7841
|oa<6mfya 7841
qSvbZsqu:F 7842
_~ReJhTFcZ 7842
@o>NzW[75p 7847
SU_rMe8{}7 7850
[{ySC`2Rwf 7851
UR|9s<]o\U 7852
x\912e=[Cs 7859
yDN_t8Swx4 7863
c<hV1vfTVd 7864
2}xgAKcJBa 7865
h>;qPUviL 7872
F:s3{024P: 7872
h1}Cl4C^;I 7873
V|iNnL>mGk 7876
ffllz:OFd< 7877
S:zsO[Lx 7877
ILpK4QKHGQ 7883
TRGN=9sf4K 7886
[FK\SHq[?P 7887
pxiz`Tb:N] 7889
3~9wae1ppq 7891
0pD`UhJID; 7891
BUa~N]MASh 7893
NOCVyr{]>Z 7894
7zoM]dd}Ll 7894
Szb64]ZyrD 7895
^x=pIrexU? 7897
wavpi?FvN_ 7899
JGRdT{O]z~ 7899
CJVFGF><yW 7901
A[6Rgr|fe[ 7901
yfERRaxm?E 7901
hdnk2k]ka; 7903
mFKXEDtHpm 7908
|w:@k4409Z 7911
leg_kZ8@nD 7913
uxN\NeWB0X 7916
UMuB>0~vJP 7917
6Yka_5W]~ 7917
JmOV=;X\UZ 7922
]}e<CcDR]f 7923
xRGQR8~mhG 7927
^q`J1u;?XL 7928
yql?}_y~}5 7934
GSMC@a}LK= 7934
L@as|ULQR 7935
C[i3RdnQJm 7940
>gwwI9^=l} 7943
VB@;e=7Sys 7943
YirfEmbIoD 7946
448XTZP[VD 7950
|sC3}EW9Et 7952
3Swl_J:`O 7954
>0UPhZ8GO` 7962
S78CNBY}J6 7969
FY7h0;vloa 7970
DeNv2I<9? 7974
910SrwneJy 7976
4>?3Tz3H5f 7981
1kqb7>ja>M 7982
LnpfSD[rbK 7982
HH5D;sRQ[u 7982
\mo^MG>{wS 7986
WhkQlnP:[ 7991
tGi^y7lD^ 7992
ePiS`>TGz9 7996
lX?eo:dQn 8002
?6ttj3LbM> 8005
}NX8wk1Bv; 8006
5Rmy_d[0mQ 8007
C`]lOW@KHb 8016
YCgfWAxufk 8017
24GtO{G;l8 8017
fsc}FaOTb; 8020
0LK0:yk~3y 8020
SVv7yfIN0Y 8022
zX[_e3ry|= 8024
s3@rnv2tBi 8026
tNsZ]xlXm= 8030
BlF0kmO@Lj 8031
|0>E|l[;o} 8032
;9FaLF<BvZ 8038
6m83X~H4k: 8039
XA~OJo=X^l 8041
ZAdh=3tm8A 8046
`QNF9OHddk 8049
NtHts[_eic 8053
qgM76Y~?TZ 8053
FfV?u~mr[C 8055
wjLnA?TZzw 8059
>?Sf\DFcUC 8061
v>B]S59rpH 8065
;{UQM5EL]v 8068
chBQ^0PuxK 8075
o;2MXuQtWE 8076
K6N5q6lQ=; 8077
=YvP9k\et3 8078
J4|kZ_jVX 8081
O4vyZU2]3K 8081
t{xfV~2o4M 8091
:hS6QkkAXv 8091
OQ4oGpKddN 8092
MSLL^CkumM 8102
t]G>^T3d{> 8104
=U]OWp^91~ 8104
km\;WTLNQ@ 8107
1TPccIOiaI 8108
Bl|8Dr|zCo 8109
qr[rcEuwuO 8110
FhY>fUwUC] 8112
ag9wV7GPZT 8113
I\8>~@P=P@ 8114
_qcgdYxp=\ 8122
m]\_ttfNIH 8123
DG@PL0P4L~ 8124
~2Kon6fiKV 8125
\5[:0^ZtPn 8132
UJsWS1{`M 8135
Ac^Fo_a6LW 8135
~Ik]B5w2m^ 8141
bIy`0Y[@E1 8145
?yYEnvIj9K 8149
aCU5Te\9f7 8154
nMih5oXmUY 8155
aR4yV[Q05 8156
QsGpH2q4D5 8156
dWS14VImgB 8162
o|~irI1oi> 8162
j<D7oCyja~ 8166
hmN9S5ow^z 8168
Sq4`a<@Pd 8168
huTwa\qQx@ 8168
?<=SiKK;5~ 8171
37LaMXmbkl 8174
di^MnGWdGQ 8175
{ZAxwIE~M} 8177
?uWVPh_M=T 8178
?d^HG8LW}8 8178
|PAj\g4c@ 8182
^?4EBe94_4 8183
{j1g`M58tw 8186
zqu~nw_N4I 8187
lr5tsyrdcJ 8190
~F5wHdxxGv 8190
`iN_oLEeoZ 8191
:mxrm8r^eT 8192
E|m`2Zb:Pk 8193
`>h?5J_5J6 8200
_IymY=Ab<t 8202
[4W96I{el4 8204
`y`g@Bx]IM 8210
JZL=xC86rb 8212
hUFXB=g?Wt 8212
{=?9<:}RFX 8215
{TZG{=E8N] 8216
bKWJfLIpj7 8217
1SX6Rltwo] 8220
DtJT\=dn} 8220
Qk8gQfBO]v 8221
9Mu>cg8<K6 8222
X=sM[9veQ 8223
_Dj8VjHDo 8224
VhyuAHVXAZ 8224
>iee?NcrZP 8226
NeJCxlW:]| 8227
S=c~hX:S]_ 8230
_K69?D8ui] 8231
qpZ:I95WO 8233
<`KbGfkZ:6 8234
azT;?pk>FY 8242
5^@0qAT68h 8250
Jt_yOv}R0[ 8256
:0nPq:B=>m 8258
lKsUUnkt\T 8263
YO{W<{JbXC 8264
W|vpIpp`a] 8267
kRTtvP=Zup 8268
wn:BVn1?me 8268
0vVOa4xFS3 8270
qD7OlCgAT^ 8270
=l5aKPa`dN 8277
_{EtMQF_Jt 8279
dY?KZRc9{J 8281
NoR]yEyVQ} 8285
V}Q`sKwe=[ 8297
;bDxI:juM; 8297
^vYJ=5cm4 8298
`U{t<?|8_ 8298
B<B^E||\~0 8299
UBUlPUA`> 8299
U`;fY>6pB} 8303
qdi4fuZG5[ 8311
YOaDuvek<~ 8315
C`mWg15f2H 8325
`WMuQEx\{ 8327
EI;adVAzd= 8327
@GnzYP7M6\ 8327
4]0Mg85\aR 8331
l2|W76YY@j 8332
fG:AA:Gf` 8332
gdv:TmQ3[i 8333
nRHJHG0ESH 8336
MPM\hhee@4 8337
QlWHiCmw9_ 8338
:EIPaU0PFi 8346
JBYgjG9u5F 8347
ARYR{EDXFz 8348
g]glUznv|f 8352
=1[]QT;Cf_ 8352
2y:zc:oO5O 8354
1uYf=JL20x 8354
Qc`4}KQvcD 8356
9^6~RjxQ}Z 8359
50rKSgCp}w 8368
F{AZlzq6} 8371
z7v[IXxRgE 8372
zLAm@1K}Yt 8374
K?R:q}RfGW 8374
iP:Eqhv1e] 8377
m<]:KGL`o> 8380
{Ik7ZGa14m 8384
:p>|jl]S8A 8385
<G~RiU{?D0 8392
CBl8XoQnQJ 8393
suJ<m^o<Vt 8401
d<c[<|<B<d 8402
`q:|bdZDn| 8404
SytLQzcc=h 8404
9cCioR[j[P 8406
8g[:r<?mdn 8407
MsFZ7Kc<:[ 8408
PfX?At~nWl 8410
q8{V6=q6V\ 8412
m[OyRQiYuk 8415
@DJ3kVyId 8416
lDqGCQ;^[> 8418
F22?]dA]1B 8419
PU5suO]]48 8421
\aI4pLGlyO 8425
ZxrDq\E=Nk 8429
2r<}>z>vFk 8430
5Za]x7}omI 8433
5[QWEO{XNj 8437
Yf^}F\8QRD 8437
qk\gOomhwX 8438
nXkGY[dVmI 8439
GYuUzYk:H> 8439
t|vAGb==@f 8440
3E@hL<Xiu^ 8441
7i4koRA4l 8443
GkmZDBrvS} 8447
1jttb~Sv> 8450
dVZa{asfw= 8451
r]_rrAgL`Z 8453
sbKFLxS}[l 8459
St`WXKi\p~ 8459
HqX?0R8ihx 8459
ZCU^XWnUp^ 8459
Lr`NNWFNMm 8461
p6htZsQwvm 8463
=M@l2Qwfhl 8463
TuZ6t5Ea`j 8464
@hg]Ww8@ZK 8466
s??wAXot}> 8470
1wF>;_v;g: 8470
u2I}ajDC8q 8471
\iUE1kS>YT 8475
\pt8pBw=|` 8476
cd~X9]=J|< 8478
3QZol@@f?X 8478
S7=[>rYP\j 8482
:}x9<Jsgqi 8489
x2HU=QpSO] 8490
B72QPGfx:L 8492
h@xcO53hCE 8493
tCmiKsXI`1 8493
>{zVi}<Y4J 8493
va2AKvGkqW 8493
WkU`TE1fCO 8494
:KuK;anuK6 8499
?l24kx^GEF 8499
Z?6ntQC|B< 8500
{e:x_;d4uL 8502
2UiKkaHXL 8504
^XCfKS7U;e 8504
hWxmMCQmdV 8505
ue_mNuklGV 8507
H]mD?nSfFb 8508
^sSos2gx|Q 8513
?I76Nak|i| 8518
fnN3Pivcb} 8523
\4;alMbCl 8524
`_effG34zw 8524
dd`kT`kg:R 8525
8KGS4Rvl0T 8527
Tu>U9AF86> 8529
cB9bMO}DU: 8532
7o?0_1Rr\Z 8532
7yzJgiO]\9 8532
aFpC]5cmO] 8534
cU:OQrC[>N 8537
O@S<IlAK;7 8542
CCg=8BR?|P 8547
Dlh0}`zka9 8548
s<_66EQi_v 8549
AA84dRINj[ 8550
pdwF9Q_]Jk 8550
CHJr99uVw@ 8552
Mk<HLKQZ}S 8553
FVn0txHKxf 8554
00jLvg:~ql 8554
36Aq?OOi2| 8557
gWP0^8I_H; 8557
202iplc54~ 8565
hb^t8;B^Je 8568
>@VbDbuSbG 8568
2h:YnT=Pxk 8569
nTZ:hP?GhB 8570
@zuZJV>9[ 8573
{;KN947IX1 8574
]gv?D<b4io 8585
OV7Y;;VJ6R 8596
e0^=O?SJG 8600
dI|:Br>RTS 8603
Zx]L63I:|r 8604
V=nw`2as9a 8607
\k]?Kq:Qq8 8612
Q^[{Bgj_R` 8613
\stb:5r}Ew 8614
@Mc_e0^OiE 8621
1;bJoG{3_s 8628
vw9U=k}fcZ 8628
O?kV2aYnbG 8638
k1@qiu9evS 8640
BikG0jr97 8641
PUp2g=v6yY 8642
^7DDMwM|=< 8642
?jmr7{4G47 8644
_:e<M4vKr 8648
10jkD[ENoz 8650
A<}Of=W1Qk 8654
_}}C`61uG[ 8657
yam5f=~Uz? 8662
>[kIDl\bxD 8664
L3eS0UqbaY 8665
LL76k1U]DR 8669
kyevPC0wYP 8674
XLQ|;1O\_ 8677
{KNfNhf6l6 8677
>`E_jA;HfN 8681
98Z1ba\\sz 8681
7Jk^dVTYeC 8682
u~LFA;CO1W 8686
6U6qx_TfY4 8686
RSrqz5KL 8690
d_]Bu:Xiib 8691
5<Hg_VoeD7 8691
`H~=V\`JS5 8693
8|<BwP[hyn 8696
v]pwb7?PM` 8703
J\o~0PL3ER 8704
2|4=KFgEO? 8705
M>U0r3t8D9 8706
HXfPqeJ<5@ 8708
5P73[?:XOK 8709
{wKDAeizU3 8710
THS?d1L@Lo 8714
9x\~^Wszj\ 8716
J[1snC359g 8719
Qi]|\pnlN@ 8722
AS54:St6@q 8726
AhwE2Ij`<^ 8728
rm1\BCxbm 8729
FWJ@beKoWp 8735
LNc`Y>`8]A 8738
F{ucXqih7} 8739
GGNU`]KBOY 8742
@SYj0f_tFV 8743
e=Pn~~HNVW 8748
uv:\@D]9MQ 8758
vt>{2LP]ft 8763
Puk91z0?\m 8769
LDjFnfStzg 8771
OpX<sLl0MV 8772
O?ETsw0[UW 8773
plVHOQfLtD 8781
^kYHlI5LE~ 8781
aDCee`7Lv@ 8786
I<~@L{UvHA 8788
6mHQ{RD9jj 8789
<M[IF6VsX6 8791
J>MRd[DRT; 8797
o9C31S;Qn= 8797
]:CT^:ca|\ 8798
TU3HS|<Ld 8800
8oIr42@Pg0 8805
vjcGfau9zs 8805
[p?_IveUq8 8807
Xg|[PI;BoH 8811
7fbFbOKFme 8818
;JeKw}~Cc6 8821
qjfLQnoQ\ 8826
AZ@gd?6HD] 8831
?5ha4QWqU` 8838
yU}Qq7|>5N 8838
3nke|LF?Lz 8844
C;lKMJ`MiZ 8845
uf9h6}~>;c 8848
jvR>AeGBEy 8848
|EO?OehETR 8849
P?b7I0MS:_ 8850
Pmmw|W7q}P 8853
EE\e^~J[: 8857
Mj6s7s0:[8 8862
<;qe<hUMow 8863
EUUD<pN`^2 8864
ss\0kid?d2 8866
0VS8`6LJs? 8866
tIdZ:1`:qX 8867
TLQmu`woaM 8868
G;uHV;juYN 8872
V{6n3YjEQ4 8874
L4[`QaD~^ 8874
>:ed@v20P 8879
~V_oo_y@5{ 8881
VHgvYa0B:| 8883
znC40dbP~[ 8886
Fl42wbCj:w 8888
_1[~h<D9Ov 8889
@bMdLA[][{ 8898
|o}ss2cD`k 8901
LhmVR}ZiVO 8902
}xVuD_H|nv 8905
9Bd98pV_;I 8907
rK`jdFty6C 8908
1WrcaChXOS 8912
}IRrxydCU7 8914
O;Vgu_]<Wb 8918
?:oE@~065` 8921
zLAqq3wMLf 8922
sqH<u|=mgy 8922
sfWIxK~3Li 8927
ws~Hg^7UwO 8930
CJw]j;JWv5 8934
uuR6j6o}Un 8938
q2YATy\jw4 8940
0b{ZZE;:MX 8950
v2avkTJOJA 8951
Ho6xZ;yk_M 8952
QljaHFw2J@ 8955
tgWFPtL=ct 8958
iO^zoupv{Y 8960
_zabwYC?;A 8961
7^Qpy[p^Fn 8966
:}bvkI?vsy 8967
2TUc]8\?;X 8970
Yo<6I@MOBL 8971
bV`Kb`Xzw 8971
<>V`<bhc7s 8978
plrIWGWg4y 8979
?\3wPWz5jl 8983
w7_Dec?_MJ 8988
`Go:@QSv2` 8989
RSqJxIB[5i 8990
meqw47~7LK 8994
>4zvs0IOdM 8997
rgxXG||vR[ 8999
=M@\{_39J` 9004
L<3g37UsiG 9010
YMPDJeie53 9012
XEicXStyl: 9012
g1fGY8j3:\ 9016
QXS1GORl:t 9017
zHL>?V6|`X 9023
wxbiwBFfKv 9024
o~~R{EbjiU 9028
4;G}\t>Nz2 9031
QrTnKNwSd\ 9032
fSiHNCy\=X 9033
zLNYTrQE[X 9034
^Wy\EW2IJ 9037
as9dT~VxS; 9039
wy_Mi6KW6j 9039
ah:pLODa0T 9045
>xSs^giyE= 9049
{`_soS>ynj 9050
yi}?yJ[v{q 9052
FfGq<^cg|{ 9058
QK7QypZO? 9059
ezZ4UfN?0o 9061
J75[1gbjyo 9061
;~|kJVd1z0 9069
VGuR7qwJSj 9071
1PUN6s1\sz 9072
yDSmiJAxBZ 9073
Q46kKh?1] 9080
Q[trUg}bk 9080
0r_CZw}I~s 9084
_SE;p~Z[BX 9090
^VS;q?{?IE 9094
i[^8Ou4f2Y 9099
Pw=hq==qw 9106
ek@9Or7SFf 9108
EDF`AEShVx 9113
YIY>iTsy0V 9116
CB1IuJ[21; 9116
UKO~<hrl> 9119
iOVnTwVlvO 9120
aKZqK]AJwG 9123
`?1OkthFz6 9128
W9lj0ndtH7 9129
QX}o=Qqitd 9130
_ED{r]c0ID 9130
rCsyZRd]z 9132
=0}kMPxr09 9133
UMKd8kj8WW 9133
hv6g^j`h[Z 9134
dZer=`r}Hx 9135
25^LJaykvx 9136
jN=XdZLf8c 9138
8sNPNUv28h 9141
@PQL6>D9^Z 9142
IgwnbP~yEl 9147
Lm}]lk=O96 9153
bpP@1Oyvog 9154
57X>mpua<l 9158
SFflOcr>`j 9162
N^Hl?hu[Zw 9162
bmN0vjq:kk 9163
d{YRdgc5Zj 9164
4Jul_TwQ9a 9169
E42G@l:^dv 9170
aHxtoC]l7k 9172
Y~^LUWSDAo 9172
DxFhXT^~pJ 9175
>AU_^~tqIw 9176
xmPJ;e>Q>v 9180
9Q1VgMwBA[ 9180
?T=^xQEC6] 9180
H9h<jr?:Tr 9182
0=rjHLZ6zI 9183
>[e;r7>;G> 9183
N=zQsWjCmt 9183
bwxHeH<du 9186
DQ80b`WR]k 9188
DScmz}62=A 9190
{UIVlYZOW 9192
R`d>\buQZs 9196
{mFUI]0E:0 9197
@J4rV\pKwc 9197
^vVPddF41; 9212
e_D:3fA;0U 9212
ZLp]]jAChK 9217
C46AUa6YwL 9217
8HuDsL;\}n 9217
uQale>9Pfp 9217
<9ns0Vc1xX 9224
Chqs=n\sJL 9224
CzfuEb5KjA 9225
@aMe`fMY}e 9230
BUIlQiy>D7 9233
t^FsCDdYVw 9239
]K=HMxad<R 9242
T2|LagZSX@ 9243
qrJw~`d~bH 9244
h{sBssb;\] 9245
s[CpedmyfM 9247
M_bj~fTI_3 9248
8B;Z;Mp~[5 9249
X5;A5PAa3A 9249
GKo3oJfX_ 9251
t}|G;Dls]r 9258
{aISh>0hUO 9258
j[CX]AJ}Lk 9260
2?9m9VsOd 9262
~c7bo_T}v 9263
IXOgFxoK3L 9263
@ANB8gjK1~ 9266
P=O}WU<qpo 9267
\Q|wljAH1z 9268
O:qH[yHGhQ 9269
ybvO}`DU`A 9273
{;L6kJVo6N 9278
SX8zvgzyWV 9280
bu59a_6GZo 9280
4=hT8gQsq< 9280
MAkf1MYOXj 9281
KTF8>JigEw 9286
{v}3A7d?L_ 9288
tXihi|6B:Z 9288
[sarPX1j?L 9289
o<kfUF=se? 9289
0f4`3a}kDz 9296
}9RO]vDF^@ 9297
oQZ[isNgR? 9298
:lWptY`D@o 9300
;Iw?jlr0z^ 9305
[Mxg}pDbhz 9306
03q@;jBj}U 9315
vs;@0yM4sL 9317
7YhjLl5j{X 9319
h]:SgVgp[H 9321
Ztdruy7S4T 9323
9TNiQhkUA} 9327
3P:nZGlt8\ 9327
MkgLZjOwa1 9330
i}p\AwyzT 9330
xg^rscSCd[ 9333
GHh_@Hm8:F 9337
{?WDfJ\s;c 9339
qM6W7omuYK 9341
@qyq]I2UEu 9343
z[BKcw6H5H 9345
M<[r1GaCg\ 9347
x6y`=ehE[A 9348
MmVcWqDilJ 9352
mvV0ou@]Jw 9355
@Yi11szRoQ 9359
NN_Jgv5;uF 9360
|{P?rVN>Ch 9365
SUnT@ulI4i 9366
Av0\ru=u<} 9366
`wuOS8mBL4 9372
7Ww}gwodf{ 9374
TRL?T3dr@ 9374
8;8N5s2c]: 9376
Uz43HOc~_J 9378
\ke1kyLkqq 9385
iSHixp9bV 9389
{6RN0idV`i 9391
<avdwK:QKF 9394
lTED9:5auq 9405
>c\4kn;Gd 9405
grcCvMC:]= 9410
3yoJpk__ 9412
3zWbTqh17{ 9413
QRxBqUHLoy 9413
v@bl@}ZN43 9413
:jq_^\6o^= 9416
gp06i]Yt9e 9416
J?e}Cb7VdZ 9417
?DDo[>5394 9418
pYVlMeVpHt 9418
abOq1X~a45 9419
}NTL7iK3p6 9422
vY4usT?CBv 9424
{qaKxbSH@y 9428
c7x13l=Vu0 9431
;@nIIqK~UP 9433
>A|8pxWG= 9441
f@myn1NT6 9442
VSJ5`=~RCz 9443
o4F3}}bh_| 9447
imlNHB`<V] 9448
zV5fY{5IK3 9449
~I}A:X1JJu 9450
7W>;yA0_{q 9450
Mng<zIg}B] 9451
4@m{kx|YQS 9452
>gTXHHKRDI 9452
ChG7{CQkPP 9453
3j?{0fra0; 9454
uYw0L6LS\ 9458
;??:WL7ubH 9458
xbxUBs{v=c 9458
RnYj>2^<Gx 9461
QOFU`ktR=< 9469
V@d93aIuC^ 9471
M6X@@zviW 9472
QN>cJHJUS3 9472
OiFGHe_bgf 9472
ui?=<AiAWr 9474
L[anPZ\oC1 9475
?Lt_>s<UuS 9477
iDZ}Oc;= 9477
JTlwQ=2uIl 9478
<e8Gxij\d@ 9482
aIoM]pToR` 9483
<mcSCH0xEv 9486
`3:LAJeGj\ 9487
20kJ|[R`8 9487
VqG>uX8dnf 9487
~cEn<z8yY1 9489
~ASTtPowV< 9490
wu4BltEG~} 9492
kXNHbOUeBC 9494
e5fHQ{4e\v 9501
c~58riE{eF 9503
lGA`QYo}QK 9503
bO0KeAE8z3 9509
b?Ub6oMjDu 9516
vdG2GVpYO1 9516
mKQU~KMbjQ 9517
G^_pfmkX_5 9526
=Y|qiJ[<Ga 9532
EgbT66GRhV 9535
?nUiN|Irz] 9537
b?R3575\38 9537
|K@Uqha?G4 9540
UvZvn9xsrD 9541
pBy]ooq^HA 9541
I?xDvnhN?J 9544
qy43S?zBNw 9556
0J~IBQ[xU5 9562
kTBM1VPj48 9566
Cvs=?J0KI> 9569
eEQ_tN@:[m 9570
l;pzsm<1t 9571
}t]Ln|Y8tQ 9571
T?d`WdZy{? 9580
}hVXA@FwLL 9580
=FZd8}1l4X 9581
@hf}eBaX2i 9583
WB:ZD}F3Bc 9587
|i^T_w8K9~ 9589
H`o6@9f1Qq 9592
EOY`~eIwLs 9592
e=H6uIH~[z 9594
f56Q@TqZBC 9597
16}R\9YE[6 9597
1=><`8D=Yc 9602
doWFLOx<pB 9613
VGW8hgGkH: 9622
Oq9c<ECB4c 9623
3;PI6TGg 9632
fgMvbv?Ze8 9634
<ItW@G<BZ5 9634
j4MbfYq:I_ 9634
Y1cbe]ppx 9642
e59hxM3bR0 9649
baey:cab= 9650
e`tJuO7IDV 9652
y4yj;u5^wO 9652
yyDKHFcHlK 9655
@UGIzCw|Dj 9656
NaBW2t1EnJ 9659
O:Jc\r`Py3 9660
BWA~qt>8G; 9662
M8sB|5l76v 9663
lYwN^1G7F 9666
nQF75LH`ta 9668
:SNl`P`[~ 9669
peg>SA?ir@ 9670
HNuqj0RGtt 9673
TO8cs2dbK 9673
a=JF?F]D?[ 9674
`v>Lmvr?=u 9677
J~[yAA|{h} 9679
~Z4A7Q0Xf\ 9680
1kbJT{d[}^ 9681
`Vxg?Y4bI 9683
0YR>0mZCl0 9683
G~s}6QOpSZ 9685
_pI6}auXjm 9685
Od]ojR^0W} 9686
gGfa8w=8Ec 9687
kS@>F`?n7L 9688
Xd@gGe`3a6 9690
a0Uof`^;6: 9690
>6mS>hOXgs 9696
orO0>gaUG7 9705
`mQla6VANl 9709
lP=>`E3lrz 9709
W0sqaxhH? 9710
<QSCHUnri^ 9711
KC@^HtAH5f 9714
vrNTK9X;N6 9716
GR0zs7j4>a 9720
FFlNeZ3z0K 9720
7U[6oRDfm 9722
m9b<22P=eN 9724
k2Y}NMxh_3 9732
}U2N9LYIW5 9733
6xT42^A><e 9733
erG5XM~bCI 9735
k;rEICXJxm 9738
uGVqrKlDW8 9739
zVf]w6ip5_ 9741
On0{aw~>L8 9748
XHcEG;5[:V 9749
IVhRE965ui 9754
DO1gLB{WQ 9762
fWF6mKPRo~ 9770
LvYA4r}tFo 9771
rtli~\[AjE 9772
ADfvZlP:xr 9776
DQpEceu>;[ 9786
xkr3pbIPQ 9799
nnblOjI]a4 9799
[}>rJgAcbA 9801
58T8Sj934v 9802
MDacw==9h| 9805
VE_6DazkS1 9807
4;icKNt3Dz 9808
3R]\qED{N\ 9809
s;WO]bm^RK 9812
`k1nvios<S 9817
h7i_lryepu 9823
L9hn;ec~Y3 9831
X|HQx<W\A5 9834
OHtUZC~~Ix 9840
QJ}beA=eT^ 9841
4FacM}E@b; 9842
M[`IG4C{m~ 9846
_z=qzHFwIs 9846
R74r2W:CM> 9848
jejy@{6I~7 9851
_]EgHyZ2By 9853
^7K~@J]<?w 9857
5_ShG\aWtT 9857
IEN[cxz[{o 9858
ItRj9ZEdua 9861
j9:]_QU]`q 9863
}c3Bzw7{q> 9865
iy4|aRVF8} 9869
bbuLN0hiq[ 9869
x|q[db[B^K 9870
ornbt4^OR 9870
?lc\`wi7ba 9874
]6zOo8:lHf 9875
A0{Brx596x 9875
_=}m~0C0OF 9877
?94cvCPErY 9879
LBMRVSg35p 9881
msJU<m;bcr 9886
z_H4gp:K@~ 9890
6CeHN9I~Rj 9892
P^xq3bQRIj 9892
M6lCN4m>ie 9893
[>K6^uIPAq 9893
cI|S:K{S52 9900
aao@?IIV5 9901
@e_r5pL[tp 9906
Q>PC>HB9H 9909
xXDQED:[?< 9913
Hd_@~^~LJP 9922
r:CD9:1dwn 9922
gwOT_h64lB 9922
ctdY`4F5s< 9931
?rh_rV1kB~ 9931
`bU{9^4_0G 9932
sTwM<Q3Fqf 9936
@64<lIKjqY 9936
u|cT<<IpYR 9938
@6hLaUnB}M 9939
|h4lnotiI 9939
1SI[9qg7Mu 9939
nZu=mC9^MQ 9942
|;6Z}5Tpm0 9945
eQo2Q39l^R 9946
2tQG^dB?08 9947
Qtz5xYO<]A 9948
sEZwMmvZDN 9950
=P5;YSm[w\ 9964
_S4T7[5;~| 9970
3_kGLzixuZ 9972
A{{i2svpWV 9973
o9C7:hPMf 9975
Q|<14c~z6X 9975
Ytm6n8];n? 9977
DSSfZlOvAZ 9981
UnzfEtz0<` 9984
S}@B9{:LbZ 9984
2yVz^0TsnJ 9986
M{Q:\qvAtq 9987
XnPW;J|JZ 9994
hGZq}u;BQ@ 9995
@qU5r^tpp 9999
